<?xml version="1.0" encoding="UTF-8"?>
<coverage generated="1762897968105" clover="3.2.0">
  <project timestamp="1762897968105" name="All files">
    <metrics statements="19" coveredstatements="16" conditionals="6" coveredconditionals="5" methods="20" coveredmethods="16" elements="45" coveredelements="37" complexity="0" loc="19" ncloc="19" packages="1" files="1" classes="1"/>
    <file name="useTrackStore.ts" path="/home/christophergalliart/claude-exp/react-looper/src/store/useTrackStore.ts">
      <metrics statements="19" coveredstatements="16" conditionals="6" coveredconditionals="5" methods="20" coveredmethods="16"/>
      <line num="45" count="1" type="stmt"/>
      <line num="51" count="29" type="stmt"/>
      <line num="58" count="4" type="stmt"/>
      <line num="59" count="4" type="cond" truecount="2" falsecount="0"/>
      <line num="62" count="4" type="cond" truecount="2" falsecount="0"/>
      <line num="63" count="2" type="stmt"/>
      <line num="67" count="2" type="stmt"/>
      <line num="68" count="6" type="stmt"/>
      <line num="74" count="2" type="stmt"/>
      <line num="76" count="2" type="cond" truecount="1" falsecount="1"/>
      <line num="82" count="1" type="stmt"/>
      <line num="87" count="22" type="stmt"/>
      <line num="93" count="0" type="stmt"/>
      <line num="98" count="0" type="stmt"/>
      <line num="103" count="0" type="stmt"/>
      <line num="108" count="3" type="stmt"/>
      <line num="113" count="4" type="stmt"/>
      <line num="118" count="2" type="stmt"/>
      <line num="123" count="5" type="stmt"/>
    </file>
  </project>
</coverage>
