<?xml version="1.0" encoding="UTF-8"?>
<coverage generated="1762899970045" clover="3.2.0">
  <project timestamp="1762899970045" name="All files">
    <metrics statements="64" coveredstatements="64" conditionals="41" coveredconditionals="40" methods="16" coveredmethods="16" elements="121" coveredelements="120" complexity="0" loc="64" ncloc="64" packages="3" files="3" classes="3"/>
    <package name="services.loop">
      <metrics statements="28" coveredstatements="28" conditionals="10" coveredconditionals="10" methods="5" coveredmethods="5"/>
      <file name="LoopEngine.ts" path="/home/christophergalliart/claude-exp/react-looper/src/services/loop/LoopEngine.ts">
        <metrics statements="28" coveredstatements="28" conditionals="10" coveredconditionals="10" methods="5" coveredmethods="5"/>
        <line num="66" count="22" type="stmt"/>
        <line num="67" count="22" type="stmt"/>
        <line num="68" count="22" type="stmt"/>
        <line num="70" count="22" type="stmt"/>
        <line num="87" count="11" type="stmt"/>
        <line num="88" count="11" type="stmt"/>
        <line num="89" count="11" type="stmt"/>
        <line num="92" count="11" type="cond" truecount="2" falsecount="0"/>
        <line num="93" count="2" type="stmt"/>
        <line num="100" count="9" type="stmt"/>
        <line num="101" count="9" type="stmt"/>
        <line num="106" count="9" type="stmt"/>
        <line num="125" count="8" type="stmt"/>
        <line num="126" count="8" type="stmt"/>
        <line num="129" count="8" type="cond" truecount="2" falsecount="0"/>
        <line num="130" count="2" type="stmt"/>
        <line num="134" count="6" type="stmt"/>
        <line num="135" count="6" type="cond" truecount="2" falsecount="0"/>
        <line num="136" count="1" type="stmt"/>
        <line num="139" count="5" type="stmt"/>
        <line num="143" count="5" type="stmt"/>
        <line num="161" count="7" type="stmt"/>
        <line num="162" count="7" type="stmt"/>
        <line num="165" count="7" type="cond" truecount="2" falsecount="0"/>
        <line num="166" count="1" type="stmt"/>
        <line num="169" count="6" type="stmt"/>
        <line num="178" count="15" type="stmt"/>
        <line num="179" count="15" type="stmt"/>
      </file>
    </package>
    <package name="store">
      <metrics statements="7" coveredstatements="7" conditionals="0" coveredconditionals="0" methods="5" coveredmethods="5"/>
      <file name="useSettingsStore.ts" path="/home/christophergalliart/claude-exp/react-looper/src/store/useSettingsStore.ts">
        <metrics statements="7" coveredstatements="7" conditionals="0" coveredconditionals="0" methods="5" coveredmethods="5"/>
        <line num="104" count="3" type="stmt"/>
        <line num="135" count="3" type="stmt"/>
        <line num="141" count="22" type="stmt"/>
        <line num="148" count="48" type="stmt"/>
        <line num="157" count="3" type="stmt"/>
        <line num="158" count="2" type="stmt"/>
        <line num="159" count="2" type="stmt"/>
      </file>
    </package>
    <package name="utils">
      <metrics statements="29" coveredstatements="29" conditionals="31" coveredconditionals="30" methods="6" coveredmethods="6"/>
      <file name="loopUtils.ts" path="/home/christophergalliart/claude-exp/react-looper/src/utils/loopUtils.ts">
        <metrics statements="29" coveredstatements="29" conditionals="31" coveredconditionals="30" methods="6" coveredmethods="6"/>
        <line num="14" count="3" type="stmt"/>
        <line num="19" count="3" type="stmt"/>
        <line num="24" count="3" type="stmt"/>
        <line num="40" count="55" type="cond" truecount="2" falsecount="0"/>
        <line num="41" count="8" type="stmt"/>
        <line num="44" count="47" type="stmt"/>
        <line num="45" count="47" type="stmt"/>
        <line num="73" count="35" type="cond" truecount="2" falsecount="0"/>
        <line num="79" count="4" type="stmt"/>
        <line num="82" count="31" type="stmt"/>
        <line num="107" count="56" type="cond" truecount="4" falsecount="0"/>
        <line num="108" count="4" type="stmt"/>
        <line num="113" count="52" type="cond" truecount="5" falsecount="0"/>
        <line num="117" count="52" type="stmt"/>
        <line num="134" count="5" type="cond" truecount="2" falsecount="0"/>
        <line num="135" count="1" type="stmt"/>
        <line num="138" count="4" type="stmt"/>
        <line num="152" count="26" type="cond" truecount="2" falsecount="0"/>
        <line num="153" count="5" type="stmt"/>
        <line num="156" count="21" type="stmt"/>
        <line num="181" count="19" type="cond" truecount="2" falsecount="0"/>
        <line num="187" count="4" type="stmt"/>
        <line num="190" count="15" type="stmt"/>
        <line num="191" count="15" type="stmt"/>
        <line num="194" count="15" type="stmt"/>
        <line num="195" count="37" type="stmt"/>
        <line num="197" count="37" type="cond" truecount="1" falsecount="1"/>
        <line num="198" count="37" type="stmt"/>
        <line num="202" count="15" type="stmt"/>
      </file>
    </package>
  </project>
</coverage>
