{
  "/home/christophergalliart/claude-exp/react-looper/src/services/loop/LoopEngine.ts": {
    "path": "/home/christophergalliart/claude-exp/react-looper/src/services/loop/LoopEngine.ts",
    "statementMap": {
      "0": {
        "start": { "line": 66, "column": 23 },
        "end": { "line": 66, "column": 47 }
      },
      "1": {
        "start": { "line": 67, "column": 24 },
        "end": { "line": 67, "column": 51 }
      },
      "2": {
        "start": { "line": 68, "column": 21 },
        "end": { "line": 68, "column": 55 }
      },
      "3": {
        "start": { "line": 70, "column": 4 },
        "end": { "line": 74, "column": 6 }
      },
      "4": {
        "start": { "line": 87, "column": 23 },
        "end": { "line": 87, "column": 47 }
      },
      "5": {
        "start": { "line": 88, "column": 18 },
        "end": { "line": 88, "column": 46 }
      },
      "6": {
        "start": { "line": 89, "column": 27 },
        "end": { "line": 89, "column": 61 }
      },
      "7": {
        "start": { "line": 92, "column": 4 },
        "end": { "line": 98, "column": 5 }
      },
      "8": {
        "start": { "line": 93, "column": 6 },
        "end": { "line": 97, "column": 8 }
      },
      "9": {
        "start": { "line": 100, "column": 22 },
        "end": { "line": 100, "column": 72 }
      },
      "10": {
        "start": { "line": 101, "column": 23 },
        "end": { "line": 104, "column": 5 }
      },
      "11": {
        "start": { "line": 106, "column": 4 },
        "end": { "line": 110, "column": 6 }
      },
      "12": {
        "start": { "line": 125, "column": 26 },
        "end": { "line": 125, "column": 53 }
      },
      "13": {
        "start": { "line": 126, "column": 23 },
        "end": { "line": 126, "column": 47 }
      },
      "14": {
        "start": { "line": 129, "column": 4 },
        "end": { "line": 131, "column": 5 }
      },
      "15": {
        "start": { "line": 130, "column": 6 },
        "end": { "line": 130, "column": 19 }
      },
      "16": {
        "start": { "line": 134, "column": 18 },
        "end": { "line": 134, "column": 46 }
      },
      "17": {
        "start": { "line": 135, "column": 4 },
        "end": { "line": 137, "column": 5 }
      },
      "18": {
        "start": { "line": 136, "column": 6 },
        "end": { "line": 136, "column": 19 }
      },
      "19": {
        "start": { "line": 139, "column": 27 },
        "end": { "line": 139, "column": 61 }
      },
      "20": {
        "start": { "line": 143, "column": 4 },
        "end": { "line": 143, "column": 43 }
      },
      "21": {
        "start": { "line": 161, "column": 23 },
        "end": { "line": 161, "column": 47 }
      },
      "22": {
        "start": { "line": 162, "column": 27 },
        "end": { "line": 162, "column": 61 }
      },
      "23": {
        "start": { "line": 165, "column": 4 },
        "end": { "line": 167, "column": 5 }
      },
      "24": {
        "start": { "line": 166, "column": 6 },
        "end": { "line": 166, "column": 21 }
      },
      "25": {
        "start": { "line": 169, "column": 4 },
        "end": { "line": 169, "column": 48 }
      },
      "26": {
        "start": { "line": 178, "column": 26 },
        "end": { "line": 178, "column": 53 }
      },
      "27": {
        "start": { "line": 179, "column": 4 },
        "end": { "line": 179, "column": 34 }
      }
    },
    "fnMap": {
      "0": {
        "name": "(anonymous_0)",
        "decl": {
          "start": { "line": 65, "column": 2 },
          "end": { "line": 65, "column": 3 }
        },
        "loc": {
          "start": { "line": 65, "column": 38 },
          "end": { "line": 75, "column": 3 }
        },
        "line": 65
      },
      "1": {
        "name": "(anonymous_1)",
        "decl": {
          "start": { "line": 86, "column": 2 },
          "end": { "line": 86, "column": 3 }
        },
        "loc": {
          "start": { "line": 86, "column": 51 },
          "end": { "line": 111, "column": 3 }
        },
        "line": 86
      },
      "2": {
        "name": "(anonymous_2)",
        "decl": {
          "start": { "line": 124, "column": 2 },
          "end": { "line": 124, "column": 3 }
        },
        "loc": {
          "start": { "line": 124, "column": 44 },
          "end": { "line": 144, "column": 3 }
        },
        "line": 124
      },
      "3": {
        "name": "(anonymous_3)",
        "decl": {
          "start": { "line": 160, "column": 2 },
          "end": { "line": 160, "column": 3 }
        },
        "loc": {
          "start": { "line": 160, "column": 70 },
          "end": { "line": 170, "column": 3 }
        },
        "line": 160
      },
      "4": {
        "name": "(anonymous_4)",
        "decl": {
          "start": { "line": 177, "column": 2 },
          "end": { "line": 177, "column": 3 }
        },
        "loc": {
          "start": { "line": 177, "column": 31 },
          "end": { "line": 180, "column": 3 }
        },
        "line": 177
      }
    },
    "branchMap": {
      "0": {
        "loc": {
          "start": { "line": 72, "column": 15 },
          "end": { "line": 72, "column": 38 }
        },
        "type": "binary-expr",
        "locations": [
          {
            "start": { "line": 72, "column": 15 },
            "end": { "line": 72, "column": 30 }
          },
          {
            "start": { "line": 72, "column": 34 },
            "end": { "line": 72, "column": 38 }
          }
        ],
        "line": 72
      },
      "1": {
        "loc": {
          "start": { "line": 92, "column": 4 },
          "end": { "line": 98, "column": 5 }
        },
        "type": "if",
        "locations": [
          {
            "start": { "line": 92, "column": 4 },
            "end": { "line": 98, "column": 5 }
          },
          { "start": {}, "end": {} }
        ],
        "line": 92
      },
      "2": {
        "loc": {
          "start": { "line": 129, "column": 4 },
          "end": { "line": 131, "column": 5 }
        },
        "type": "if",
        "locations": [
          {
            "start": { "line": 129, "column": 4 },
            "end": { "line": 131, "column": 5 }
          },
          { "start": {}, "end": {} }
        ],
        "line": 129
      },
      "3": {
        "loc": {
          "start": { "line": 135, "column": 4 },
          "end": { "line": 137, "column": 5 }
        },
        "type": "if",
        "locations": [
          {
            "start": { "line": 135, "column": 4 },
            "end": { "line": 137, "column": 5 }
          },
          { "start": {}, "end": {} }
        ],
        "line": 135
      },
      "4": {
        "loc": {
          "start": { "line": 165, "column": 4 },
          "end": { "line": 167, "column": 5 }
        },
        "type": "if",
        "locations": [
          {
            "start": { "line": 165, "column": 4 },
            "end": { "line": 167, "column": 5 }
          },
          { "start": {}, "end": {} }
        ],
        "line": 165
      }
    },
    "s": {
      "0": 22,
      "1": 22,
      "2": 22,
      "3": 22,
      "4": 11,
      "5": 11,
      "6": 11,
      "7": 11,
      "8": 2,
      "9": 9,
      "10": 9,
      "11": 9,
      "12": 8,
      "13": 8,
      "14": 8,
      "15": 2,
      "16": 6,
      "17": 6,
      "18": 1,
      "19": 5,
      "20": 5,
      "21": 7,
      "22": 7,
      "23": 7,
      "24": 1,
      "25": 6,
      "26": 15,
      "27": 15
    },
    "f": { "0": 22, "1": 11, "2": 8, "3": 7, "4": 15 },
    "b": { "0": [22, 4], "1": [2, 9], "2": [2, 6], "3": [1, 5], "4": [1, 6] },
    "_coverageSchema": "1a1c01bbd47fc00a2c39e90264f33305004495a9",
    "hash": "f5af1bee3039d77960120c33a0a7b03a922bcf13"
  },
  "/home/christophergalliart/claude-exp/react-looper/src/store/useSettingsStore.ts": {
    "path": "/home/christophergalliart/claude-exp/react-looper/src/store/useSettingsStore.ts",
    "statementMap": {
      "0": {
        "start": { "line": 104, "column": 40 },
        "end": { "line": 118, "column": 1 }
      },
      "1": {
        "start": { "line": 135, "column": 32 },
        "end": { "line": 151, "column": 3 }
      },
      "2": {
        "start": { "line": 135, "column": 66 },
        "end": { "line": 151, "column": 1 }
      },
      "3": {
        "start": { "line": 141, "column": 4 },
        "end": { "line": 144, "column": 7 }
      },
      "4": {
        "start": { "line": 141, "column": 20 },
        "end": { "line": 144, "column": 5 }
      },
      "5": {
        "start": { "line": 148, "column": 4 },
        "end": { "line": 150, "column": 6 }
      },
      "6": {
        "start": { "line": 157, "column": 27 },
        "end": { "line": 169, "column": 1 }
      },
      "7": {
        "start": { "line": 158, "column": 16 },
        "end": { "line": 158, "column": 43 }
      },
      "8": {
        "start": { "line": 159, "column": 2 },
        "end": { "line": 168, "column": 4 }
      }
    },
    "fnMap": {
      "0": {
        "name": "(anonymous_0)",
        "decl": {
          "start": { "line": 135, "column": 56 },
          "end": { "line": 135, "column": 57 }
        },
        "loc": {
          "start": { "line": 135, "column": 66 },
          "end": { "line": 151, "column": 1 }
        },
        "line": 135
      },
      "1": {
        "name": "(anonymous_1)",
        "decl": {
          "start": { "line": 140, "column": 18 },
          "end": { "line": 140, "column": 19 }
        },
        "loc": {
          "start": { "line": 141, "column": 4 },
          "end": { "line": 144, "column": 7 }
        },
        "line": 141
      },
      "2": {
        "name": "(anonymous_2)",
        "decl": {
          "start": { "line": 141, "column": 8 },
          "end": { "line": 141, "column": 9 }
        },
        "loc": {
          "start": { "line": 141, "column": 20 },
          "end": { "line": 144, "column": 5 }
        },
        "line": 141
      },
      "3": {
        "name": "(anonymous_3)",
        "decl": {
          "start": { "line": 147, "column": 19 },
          "end": { "line": 147, "column": 20 }
        },
        "loc": {
          "start": { "line": 148, "column": 4 },
          "end": { "line": 150, "column": 6 }
        },
        "line": 148
      },
      "4": {
        "name": "(anonymous_4)",
        "decl": {
          "start": { "line": 157, "column": 27 },
          "end": { "line": 157, "column": 28 }
        },
        "loc": {
          "start": { "line": 157, "column": 48 },
          "end": { "line": 169, "column": 1 }
        },
        "line": 157
      }
    },
    "branchMap": {},
    "s": {
      "0": 3,
      "1": 3,
      "2": 3,
      "3": 22,
      "4": 22,
      "5": 48,
      "6": 3,
      "7": 2,
      "8": 2
    },
    "f": { "0": 3, "1": 22, "2": 22, "3": 48, "4": 2 },
    "b": {},
    "_coverageSchema": "1a1c01bbd47fc00a2c39e90264f33305004495a9",
    "hash": "ef50aad44847b49c595d046af9de279b6c2960b1"
  },
  "/home/christophergalliart/claude-exp/react-looper/src/utils/loopUtils.ts": {
    "path": "/home/christophergalliart/claude-exp/react-looper/src/utils/loopUtils.ts",
    "statementMap": {
      "0": {
        "start": { "line": 14, "column": 22 },
        "end": { "line": 14, "column": 25 }
      },
      "1": {
        "start": { "line": 19, "column": 18 },
        "end": { "line": 19, "column": 22 }
      },
      "2": {
        "start": { "line": 24, "column": 18 },
        "end": { "line": 24, "column": 21 }
      },
      "3": {
        "start": { "line": 40, "column": 2 },
        "end": { "line": 42, "column": 3 }
      },
      "4": {
        "start": { "line": 41, "column": 4 },
        "end": { "line": 41, "column": 13 }
      },
      "5": {
        "start": { "line": 44, "column": 22 },
        "end": { "line": 44, "column": 31 }
      },
      "6": {
        "start": { "line": 45, "column": 2 },
        "end": { "line": 48, "column": 4 }
      },
      "7": {
        "start": { "line": 73, "column": 2 },
        "end": { "line": 80, "column": 3 }
      },
      "8": {
        "start": { "line": 79, "column": 4 },
        "end": { "line": 79, "column": 13 }
      },
      "9": {
        "start": { "line": 82, "column": 2 },
        "end": { "line": 82, "column": 51 }
      },
      "10": {
        "start": { "line": 107, "column": 2 },
        "end": { "line": 109, "column": 3 }
      },
      "11": {
        "start": { "line": 108, "column": 4 },
        "end": { "line": 108, "column": 13 }
      },
      "12": {
        "start": { "line": 113, "column": 4 },
        "end": { "line": 115, "column": 21 }
      },
      "13": {
        "start": { "line": 117, "column": 2 },
        "end": { "line": 117, "column": 43 }
      },
      "14": {
        "start": { "line": 134, "column": 2 },
        "end": { "line": 136, "column": 3 }
      },
      "15": {
        "start": { "line": 135, "column": 4 },
        "end": { "line": 135, "column": 17 }
      },
      "16": {
        "start": { "line": 138, "column": 2 },
        "end": { "line": 138, "column": 34 }
      },
      "17": {
        "start": { "line": 152, "column": 2 },
        "end": { "line": 154, "column": 3 }
      },
      "18": {
        "start": { "line": 153, "column": 4 },
        "end": { "line": 153, "column": 16 }
      },
      "19": {
        "start": { "line": 156, "column": 2 },
        "end": { "line": 156, "column": 19 }
      },
      "20": {
        "start": { "line": 181, "column": 2 },
        "end": { "line": 188, "column": 3 }
      },
      "21": {
        "start": { "line": 187, "column": 4 },
        "end": { "line": 187, "column": 14 }
      },
      "22": {
        "start": { "line": 190, "column": 20 },
        "end": { "line": 190, "column": 69 }
      },
      "23": {
        "start": { "line": 191, "column": 31 },
        "end": { "line": 191, "column": 33 }
      },
      "24": {
        "start": { "line": 194, "column": 2 },
        "end": { "line": 200, "column": 3 }
      },
      "25": {
        "start": { "line": 194, "column": 15 },
        "end": { "line": 194, "column": 16 }
      },
      "26": {
        "start": { "line": 195, "column": 21 },
        "end": { "line": 195, "column": 38 }
      },
      "27": {
        "start": { "line": 197, "column": 4 },
        "end": { "line": 199, "column": 5 }
      },
      "28": {
        "start": { "line": 198, "column": 6 },
        "end": { "line": 198, "column": 32 }
      },
      "29": {
        "start": { "line": 202, "column": 2 },
        "end": { "line": 202, "column": 20 }
      }
    },
    "fnMap": {
      "0": {
        "name": "calculateMasterLoopDuration",
        "decl": {
          "start": { "line": 39, "column": 16 },
          "end": { "line": 39, "column": 43 }
        },
        "loc": {
          "start": { "line": 39, "column": 69 },
          "end": { "line": 49, "column": 1 }
        },
        "line": 39
      },
      "1": {
        "name": "calculateLoopCount",
        "decl": {
          "start": { "line": 68, "column": 16 },
          "end": { "line": 68, "column": 34 }
        },
        "loc": {
          "start": { "line": 71, "column": 10 },
          "end": { "line": 83, "column": 1 }
        },
        "line": 71
      },
      "2": {
        "name": "calculateSpeedAdjustedDuration",
        "decl": {
          "start": { "line": 102, "column": 16 },
          "end": { "line": 102, "column": 46 }
        },
        "loc": {
          "start": { "line": 105, "column": 10 },
          "end": { "line": 118, "column": 1 }
        },
        "line": 105
      },
      "3": {
        "name": "isMasterTrack",
        "decl": {
          "start": { "line": 133, "column": 16 },
          "end": { "line": 133, "column": 29 }
        },
        "loc": {
          "start": { "line": 133, "column": 73 },
          "end": { "line": 139, "column": 1 }
        },
        "line": 133
      },
      "4": {
        "name": "getMasterTrack",
        "decl": {
          "start": { "line": 151, "column": 16 },
          "end": { "line": 151, "column": 30 }
        },
        "loc": {
          "start": { "line": 151, "column": 62 },
          "end": { "line": 157, "column": 1 }
        },
        "line": 151
      },
      "5": {
        "name": "calculateTrackLoopBoundaries",
        "decl": {
          "start": { "line": 176, "column": 16 },
          "end": { "line": 176, "column": 44 }
        },
        "loc": {
          "start": { "line": 179, "column": 12 },
          "end": { "line": 203, "column": 1 }
        },
        "line": 179
      }
    },
    "branchMap": {
      "0": {
        "loc": {
          "start": { "line": 40, "column": 2 },
          "end": { "line": 42, "column": 3 }
        },
        "type": "if",
        "locations": [
          {
            "start": { "line": 40, "column": 2 },
            "end": { "line": 42, "column": 3 }
          },
          { "start": {}, "end": {} }
        ],
        "line": 40
      },
      "1": {
        "loc": {
          "start": { "line": 47, "column": 4 },
          "end": { "line": 47, "column": 38 }
        },
        "type": "binary-expr",
        "locations": [
          {
            "start": { "line": 47, "column": 4 },
            "end": { "line": 47, "column": 21 }
          },
          {
            "start": { "line": 47, "column": 25 },
            "end": { "line": 47, "column": 38 }
          }
        ],
        "line": 47
      },
      "2": {
        "loc": {
          "start": { "line": 73, "column": 2 },
          "end": { "line": 80, "column": 3 }
        },
        "type": "if",
        "locations": [
          {
            "start": { "line": 73, "column": 2 },
            "end": { "line": 80, "column": 3 }
          },
          { "start": {}, "end": {} }
        ],
        "line": 73
      },
      "3": {
        "loc": {
          "start": { "line": 74, "column": 4 },
          "end": { "line": 77, "column": 28 }
        },
        "type": "binary-expr",
        "locations": [
          {
            "start": { "line": 74, "column": 4 },
            "end": { "line": 74, "column": 23 }
          },
          {
            "start": { "line": 75, "column": 4 },
            "end": { "line": 75, "column": 22 }
          },
          {
            "start": { "line": 76, "column": 4 },
            "end": { "line": 76, "column": 29 }
          },
          {
            "start": { "line": 77, "column": 4 },
            "end": { "line": 77, "column": 28 }
          }
        ],
        "line": 74
      },
      "4": {
        "loc": {
          "start": { "line": 107, "column": 2 },
          "end": { "line": 109, "column": 3 }
        },
        "type": "if",
        "locations": [
          {
            "start": { "line": 107, "column": 2 },
            "end": { "line": 109, "column": 3 }
          },
          { "start": {}, "end": {} }
        ],
        "line": 107
      },
      "5": {
        "loc": {
          "start": { "line": 107, "column": 6 },
          "end": { "line": 107, "column": 42 }
        },
        "type": "binary-expr",
        "locations": [
          {
            "start": { "line": 107, "column": 6 },
            "end": { "line": 107, "column": 19 }
          },
          {
            "start": { "line": 107, "column": 23 },
            "end": { "line": 107, "column": 42 }
          }
        ],
        "line": 107
      },
      "6": {
        "loc": {
          "start": { "line": 113, "column": 4 },
          "end": { "line": 115, "column": 21 }
        },
        "type": "cond-expr",
        "locations": [
          {
            "start": { "line": 114, "column": 8 },
            "end": { "line": 114, "column": 13 }
          },
          {
            "start": { "line": 115, "column": 8 },
            "end": { "line": 115, "column": 21 }
          }
        ],
        "line": 113
      },
      "7": {
        "loc": {
          "start": { "line": 113, "column": 4 },
          "end": { "line": 113, "column": 57 }
        },
        "type": "binary-expr",
        "locations": [
          {
            "start": { "line": 113, "column": 4 },
            "end": { "line": 113, "column": 13 }
          },
          {
            "start": { "line": 113, "column": 17 },
            "end": { "line": 113, "column": 35 }
          },
          {
            "start": { "line": 113, "column": 39 },
            "end": { "line": 113, "column": 57 }
          }
        ],
        "line": 113
      },
      "8": {
        "loc": {
          "start": { "line": 134, "column": 2 },
          "end": { "line": 136, "column": 3 }
        },
        "type": "if",
        "locations": [
          {
            "start": { "line": 134, "column": 2 },
            "end": { "line": 136, "column": 3 }
          },
          { "start": {}, "end": {} }
        ],
        "line": 134
      },
      "9": {
        "loc": {
          "start": { "line": 152, "column": 2 },
          "end": { "line": 154, "column": 3 }
        },
        "type": "if",
        "locations": [
          {
            "start": { "line": 152, "column": 2 },
            "end": { "line": 154, "column": 3 }
          },
          { "start": {}, "end": {} }
        ],
        "line": 152
      },
      "10": {
        "loc": {
          "start": { "line": 181, "column": 2 },
          "end": { "line": 188, "column": 3 }
        },
        "type": "if",
        "locations": [
          {
            "start": { "line": 181, "column": 2 },
            "end": { "line": 188, "column": 3 }
          },
          { "start": {}, "end": {} }
        ],
        "line": 181
      },
      "11": {
        "loc": {
          "start": { "line": 182, "column": 4 },
          "end": { "line": 185, "column": 29 }
        },
        "type": "binary-expr",
        "locations": [
          {
            "start": { "line": 182, "column": 4 },
            "end": { "line": 182, "column": 22 }
          },
          {
            "start": { "line": 183, "column": 4 },
            "end": { "line": 183, "column": 23 }
          },
          {
            "start": { "line": 184, "column": 4 },
            "end": { "line": 184, "column": 28 }
          },
          {
            "start": { "line": 185, "column": 4 },
            "end": { "line": 185, "column": 29 }
          }
        ],
        "line": 182
      },
      "12": {
        "loc": {
          "start": { "line": 197, "column": 4 },
          "end": { "line": 199, "column": 5 }
        },
        "type": "if",
        "locations": [
          {
            "start": { "line": 197, "column": 4 },
            "end": { "line": 199, "column": 5 }
          },
          { "start": {}, "end": {} }
        ],
        "line": 197
      }
    },
    "s": {
      "0": 3,
      "1": 3,
      "2": 3,
      "3": 55,
      "4": 8,
      "5": 47,
      "6": 47,
      "7": 35,
      "8": 4,
      "9": 31,
      "10": 56,
      "11": 4,
      "12": 52,
      "13": 52,
      "14": 5,
      "15": 1,
      "16": 4,
      "17": 26,
      "18": 5,
      "19": 21,
      "20": 19,
      "21": 4,
      "22": 15,
      "23": 15,
      "24": 15,
      "25": 15,
      "26": 37,
      "27": 37,
      "28": 37,
      "29": 15
    },
    "f": { "0": 55, "1": 35, "2": 56, "3": 5, "4": 26, "5": 19 },
    "b": {
      "0": [8, 47],
      "1": [47, 1],
      "2": [4, 31],
      "3": [35, 33, 31, 31],
      "4": [4, 52],
      "5": [56, 52],
      "6": [50, 2],
      "7": [52, 50, 50],
      "8": [1, 4],
      "9": [5, 21],
      "10": [4, 15],
      "11": [19, 17, 15, 15],
      "12": [37, 0]
    },
    "_coverageSchema": "1a1c01bbd47fc00a2c39e90264f33305004495a9",
    "hash": "2bc361d2d75ae64046474d29dc93e3d2a67e0482"
  }
}
