{"/home/christophergalliart/claude-exp/react-looper/src/components/ActionButton/ActionButton.styles.ts": {"path":"/home/christophergalliart/claude-exp/react-looper/src/components/ActionButton/ActionButton.styles.ts","statementMap":{"0":{"start":{"line":9,"column":22},"end":{"line":17,"column":2}}},"fnMap":{},"branchMap":{},"s":{"0":4},"f":{},"b":{},"_coverageSchema":"1a1c01bbd47fc00a2c39e90264f33305004495a9","hash":"b22aaf56cabfa0a72da65e6f2c86e830101e434f"}
,"/home/christophergalliart/claude-exp/react-looper/src/components/ActionButton/ActionButton.tsx": {"path":"/home/christophergalliart/claude-exp/react-looper/src/components/ActionButton/ActionButton.tsx","statementMap":{"0":{"start":{"line":23,"column":57},"end":{"line":49,"column":1}},"1":{"start":{"line":33,"column":2},"end":{"line":48,"column":4}}},"fnMap":{"0":{"name":"(anonymous_0)","decl":{"start":{"line":23,"column":57},"end":{"line":23,"column":58}},"loc":{"start":{"line":32,"column":6},"end":{"line":49,"column":1}},"line":32}},"branchMap":{"0":{"loc":{"start":{"line":27,"column":2},"end":{"line":27,"column":18}},"type":"default-arg","locations":[{"start":{"line":27,"column":13},"end":{"line":27,"column":18}}],"line":27},"1":{"loc":{"start":{"line":28,"column":2},"end":{"line":28,"column":20}},"type":"default-arg","locations":[{"start":{"line":28,"column":9},"end":{"line":28,"column":20}}],"line":28},"2":{"loc":{"start":{"line":41,"column":26},"end":{"line":41,"column":53}},"type":"binary-expr","locations":[{"start":{"line":41,"column":26},"end":{"line":41,"column":44}},{"start":{"line":41,"column":48},"end":{"line":41,"column":53}}],"line":41}},"s":{"0":4,"1":74},"f":{"0":74},"b":{"0":[12],"1":[71],"2":[74,58]},"_coverageSchema":"1a1c01bbd47fc00a2c39e90264f33305004495a9","hash":"317549effbfbb33d8baa4245a62137ccaf58c5a0"}
,"/home/christophergalliart/claude-exp/react-looper/src/components/HelpModal/HelpModal.styles.ts": {"path":"/home/christophergalliart/claude-exp/react-looper/src/components/HelpModal/HelpModal.styles.ts","statementMap":{"0":{"start":{"line":7,"column":22},"end":{"line":45,"column":2}}},"fnMap":{},"branchMap":{},"s":{"0":2},"f":{},"b":{},"_coverageSchema":"1a1c01bbd47fc00a2c39e90264f33305004495a9","hash":"62e228cbaf1cff1c2474ba5886b13405184c82b8"}
,"/home/christophergalliart/claude-exp/react-looper/src/components/HelpModal/HelpModal.tsx": {"path":"/home/christophergalliart/claude-exp/react-looper/src/components/HelpModal/HelpModal.tsx","statementMap":{"0":{"start":{"line":17,"column":51},"end":{"line":85,"column":1}},"1":{"start":{"line":18,"column":2},"end":{"line":84,"column":4}}},"fnMap":{"0":{"name":"(anonymous_0)","decl":{"start":{"line":17,"column":51},"end":{"line":17,"column":52}},"loc":{"start":{"line":17,"column":79},"end":{"line":85,"column":1}},"line":17}},"branchMap":{},"s":{"0":2,"1":15},"f":{"0":15},"b":{},"_coverageSchema":"1a1c01bbd47fc00a2c39e90264f33305004495a9","hash":"87793a9457a66523d77044bbd052d882190d97cd"}
,"/home/christophergalliart/claude-exp/react-looper/src/components/MixingProgress/MixingProgress.tsx": {"path":"/home/christophergalliart/claude-exp/react-looper/src/components/MixingProgress/MixingProgress.tsx","statementMap":{"0":{"start":{"line":27,"column":61},"end":{"line":136,"column":1}},"1":{"start":{"line":34,"column":16},"end":{"line":34,"column":26}},"2":{"start":{"line":36,"column":21},"end":{"line":41,"column":3}},"3":{"start":{"line":37,"column":20},"end":{"line":37,"column":41}},"4":{"start":{"line":38,"column":20},"end":{"line":38,"column":44}},"5":{"start":{"line":39,"column":29},"end":{"line":39,"column":41}},"6":{"start":{"line":40,"column":4},"end":{"line":40,"column":72}},"7":{"start":{"line":43,"column":36},"end":{"line":52,"column":3}},"8":{"start":{"line":44,"column":4},"end":{"line":46,"column":5}},"9":{"start":{"line":45,"column":6},"end":{"line":45,"column":30}},"10":{"start":{"line":48,"column":20},"end":{"line":48,"column":31}},"11":{"start":{"line":49,"column":18},"end":{"line":49,"column":36}},"12":{"start":{"line":50,"column":22},"end":{"line":50,"column":50}},"13":{"start":{"line":51,"column":4},"end":{"line":51,"column":33}},"14":{"start":{"line":54,"column":2},"end":{"line":135,"column":4}},"15":{"start":{"line":138,"column":15},"end":{"line":181,"column":2}}},"fnMap":{"0":{"name":"(anonymous_0)","decl":{"start":{"line":27,"column":61},"end":{"line":27,"column":62}},"loc":{"start":{"line":33,"column":6},"end":{"line":136,"column":1}},"line":33},"1":{"name":"(anonymous_1)","decl":{"start":{"line":36,"column":21},"end":{"line":36,"column":22}},"loc":{"start":{"line":36,"column":45},"end":{"line":41,"column":3}},"line":36},"2":{"name":"(anonymous_2)","decl":{"start":{"line":43,"column":36},"end":{"line":43,"column":37}},"loc":{"start":{"line":43,"column":50},"end":{"line":52,"column":3}},"line":43}},"branchMap":{"0":{"loc":{"start":{"line":44,"column":4},"end":{"line":46,"column":5}},"type":"if","locations":[{"start":{"line":44,"column":4},"end":{"line":46,"column":5}},{"start":{},"end":{}}],"line":44},"1":{"loc":{"start":{"line":44,"column":8},"end":{"line":44,"column":56}},"type":"binary-expr","locations":[{"start":{"line":44,"column":8},"end":{"line":44,"column":22}},{"start":{"line":44,"column":26},"end":{"line":44,"column":38}},{"start":{"line":44,"column":42},"end":{"line":44,"column":56}}],"line":44},"2":{"loc":{"start":{"line":102,"column":11},"end":{"line":119,"column":11}},"type":"binary-expr","locations":[{"start":{"line":102,"column":11},"end":{"line":102,"column":36}},{"start":{"line":102,"column":40},"end":{"line":102,"column":67}},{"start":{"line":103,"column":12},"end":{"line":118,"column":19}}],"line":102}},"s":{"0":1,"1":5,"2":5,"3":0,"4":0,"5":0,"6":0,"7":5,"8":0,"9":0,"10":0,"11":0,"12":0,"13":0,"14":5,"15":1},"f":{"0":5,"1":0,"2":0},"b":{"0":[0,0],"1":[0,0,0],"2":[5,0,0]},"_coverageSchema":"1a1c01bbd47fc00a2c39e90264f33305004495a9","hash":"317739595b64e75e8bfa4e937064869777672a2a"}
,"/home/christophergalliart/claude-exp/react-looper/src/components/SaveModal/SaveModal.styles.ts": {"path":"/home/christophergalliart/claude-exp/react-looper/src/components/SaveModal/SaveModal.styles.ts","statementMap":{"0":{"start":{"line":9,"column":22},"end":{"line":49,"column":2}}},"fnMap":{},"branchMap":{},"s":{"0":4},"f":{},"b":{},"_coverageSchema":"1a1c01bbd47fc00a2c39e90264f33305004495a9","hash":"0ad76308d89131abfe88de98dd569ef43f6998be"}
,"/home/christophergalliart/claude-exp/react-looper/src/components/SaveModal/SaveModal.tsx": {"path":"/home/christophergalliart/claude-exp/react-looper/src/components/SaveModal/SaveModal.tsx","statementMap":{"0":{"start":{"line":21,"column":51},"end":{"line":133,"column":1}},"1":{"start":{"line":28,"column":34},"end":{"line":28,"column":46}},"2":{"start":{"line":29,"column":28},"end":{"line":29,"column":40}},"3":{"start":{"line":31,"column":27},"end":{"line":34,"column":3}},"4":{"start":{"line":33,"column":4},"end":{"line":33,"column":53}},"5":{"start":{"line":36,"column":27},"end":{"line":44,"column":3}},"6":{"start":{"line":37,"column":22},"end":{"line":37,"column":45}},"7":{"start":{"line":38,"column":4},"end":{"line":41,"column":5}},"8":{"start":{"line":39,"column":6},"end":{"line":39,"column":43}},"9":{"start":{"line":40,"column":6},"end":{"line":40,"column":19}},"10":{"start":{"line":42,"column":4},"end":{"line":42,"column":17}},"11":{"start":{"line":43,"column":4},"end":{"line":43,"column":16}},"12":{"start":{"line":46,"column":21},"end":{"line":55,"column":3}},"13":{"start":{"line":47,"column":4},"end":{"line":54,"column":5}},"14":{"start":{"line":48,"column":24},"end":{"line":48,"column":50}},"15":{"start":{"line":49,"column":6},"end":{"line":49,"column":24}},"16":{"start":{"line":51,"column":6},"end":{"line":51,"column":22}},"17":{"start":{"line":52,"column":6},"end":{"line":52,"column":19}},"18":{"start":{"line":53,"column":6},"end":{"line":53,"column":18}},"19":{"start":{"line":57,"column":23},"end":{"line":62,"column":3}},"20":{"start":{"line":59,"column":4},"end":{"line":59,"column":20}},"21":{"start":{"line":60,"column":4},"end":{"line":60,"column":17}},"22":{"start":{"line":61,"column":4},"end":{"line":61,"column":16}},"23":{"start":{"line":64,"column":2},"end":{"line":132,"column":4}}},"fnMap":{"0":{"name":"(anonymous_0)","decl":{"start":{"line":21,"column":51},"end":{"line":21,"column":52}},"loc":{"start":{"line":27,"column":6},"end":{"line":133,"column":1}},"line":27},"1":{"name":"(anonymous_1)","decl":{"start":{"line":31,"column":27},"end":{"line":31,"column":28}},"loc":{"start":{"line":31,"column":54},"end":{"line":34,"column":3}},"line":31},"2":{"name":"(anonymous_2)","decl":{"start":{"line":36,"column":27},"end":{"line":36,"column":28}},"loc":{"start":{"line":36,"column":55},"end":{"line":44,"column":3}},"line":36},"3":{"name":"(anonymous_3)","decl":{"start":{"line":46,"column":21},"end":{"line":46,"column":22}},"loc":{"start":{"line":46,"column":27},"end":{"line":55,"column":3}},"line":46},"4":{"name":"(anonymous_4)","decl":{"start":{"line":57,"column":23},"end":{"line":57,"column":24}},"loc":{"start":{"line":57,"column":29},"end":{"line":62,"column":3}},"line":57}},"branchMap":{"0":{"loc":{"start":{"line":38,"column":4},"end":{"line":41,"column":5}},"type":"if","locations":[{"start":{"line":38,"column":4},"end":{"line":41,"column":5}},{"start":{},"end":{}}],"line":38},"1":{"loc":{"start":{"line":47,"column":4},"end":{"line":54,"column":5}},"type":"if","locations":[{"start":{"line":47,"column":4},"end":{"line":54,"column":5}},{"start":{},"end":{}}],"line":47},"2":{"loc":{"start":{"line":73,"column":11},"end":{"line":77,"column":11}},"type":"binary-expr","locations":[{"start":{"line":73,"column":11},"end":{"line":73,"column":36}},{"start":{"line":74,"column":12},"end":{"line":76,"column":19}}],"line":73},"3":{"loc":{"start":{"line":94,"column":11},"end":{"line":102,"column":18}},"type":"cond-expr","locations":[{"start":{"line":95,"column":12},"end":{"line":101,"column":19}},{"start":{"line":102,"column":14},"end":{"line":102,"column":18}}],"line":94}},"s":{"0":4,"1":31,"2":31,"3":31,"4":6,"5":31,"6":3,"7":3,"8":0,"9":0,"10":3,"11":3,"12":31,"13":3,"14":3,"15":3,"16":3,"17":3,"18":3,"19":31,"20":1,"21":1,"22":1,"23":31},"f":{"0":31,"1":6,"2":3,"3":3,"4":1},"b":{"0":[0,3],"1":[3,0],"2":[31,16],"3":[0,31]},"_coverageSchema":"1a1c01bbd47fc00a2c39e90264f33305004495a9","hash":"648b0e659a98ecc6033037bbe0d504eaca376b80"}
,"/home/christophergalliart/claude-exp/react-looper/src/components/SpeedSlider/SpeedSlider.styles.ts": {"path":"/home/christophergalliart/claude-exp/react-looper/src/components/SpeedSlider/SpeedSlider.styles.ts","statementMap":{"0":{"start":{"line":7,"column":22},"end":{"line":20,"column":2}}},"fnMap":{},"branchMap":{},"s":{"0":8},"f":{},"b":{},"_coverageSchema":"1a1c01bbd47fc00a2c39e90264f33305004495a9","hash":"d45ba305c11dca28da35e09be4bd5bea8000a3af"}
,"/home/christophergalliart/claude-exp/react-looper/src/components/SpeedSlider/SpeedSlider.tsx": {"path":"/home/christophergalliart/claude-exp/react-looper/src/components/SpeedSlider/SpeedSlider.tsx","statementMap":{"0":{"start":{"line":22,"column":18},"end":{"line":22,"column":19}},"1":{"start":{"line":23,"column":18},"end":{"line":23,"column":21}},"2":{"start":{"line":24,"column":22},"end":{"line":24,"column":24}},"3":{"start":{"line":27,"column":27},"end":{"line":29,"column":1}},"4":{"start":{"line":28,"column":2},"end":{"line":28,"column":43}},"5":{"start":{"line":32,"column":27},"end":{"line":34,"column":1}},"6":{"start":{"line":33,"column":2},"end":{"line":33,"column":31}},"7":{"start":{"line":36,"column":55},"end":{"line":78,"column":1}},"8":{"start":{"line":41,"column":29},"end":{"line":44,"column":3}},"9":{"start":{"line":42,"column":18},"end":{"line":42,"column":49}},"10":{"start":{"line":43,"column":4},"end":{"line":43,"column":25}},"11":{"start":{"line":46,"column":22},"end":{"line":46,"column":47}},"12":{"start":{"line":51,"column":21},"end":{"line":51,"column":37}},"13":{"start":{"line":52,"column":2},"end":{"line":54,"column":3}},"14":{"start":{"line":53,"column":4},"end":{"line":53,"column":26}},"15":{"start":{"line":56,"column":2},"end":{"line":77,"column":4}}},"fnMap":{"0":{"name":"(anonymous_0)","decl":{"start":{"line":27,"column":27},"end":{"line":27,"column":28}},"loc":{"start":{"line":27,"column":54},"end":{"line":29,"column":1}},"line":27},"1":{"name":"(anonymous_1)","decl":{"start":{"line":32,"column":27},"end":{"line":32,"column":28}},"loc":{"start":{"line":32,"column":54},"end":{"line":34,"column":1}},"line":32},"2":{"name":"(anonymous_2)","decl":{"start":{"line":36,"column":55},"end":{"line":36,"column":56}},"loc":{"start":{"line":40,"column":6},"end":{"line":78,"column":1}},"line":40},"3":{"name":"(anonymous_3)","decl":{"start":{"line":41,"column":29},"end":{"line":41,"column":30}},"loc":{"start":{"line":41,"column":54},"end":{"line":44,"column":3}},"line":41}},"branchMap":{"0":{"loc":{"start":{"line":39,"column":2},"end":{"line":39,"column":18}},"type":"default-arg","locations":[{"start":{"line":39,"column":13},"end":{"line":39,"column":18}}],"line":39},"1":{"loc":{"start":{"line":52,"column":2},"end":{"line":54,"column":3}},"type":"if","locations":[{"start":{"line":52,"column":2},"end":{"line":54,"column":3}},{"start":{},"end":{}}],"line":52}},"s":{"0":8,"1":8,"2":8,"3":8,"4":239,"5":8,"6":27,"7":8,"8":239,"9":27,"10":27,"11":239,"12":239,"13":239,"14":6,"15":239},"f":{"0":239,"1":27,"2":239,"3":27},"b":{"0":[238],"1":[6,233]},"_coverageSchema":"1a1c01bbd47fc00a2c39e90264f33305004495a9","hash":"734aa1916c98a3b17055f2628192405615c58e8f"}
,"/home/christophergalliart/claude-exp/react-looper/src/components/TrackList/TrackList.styles.ts": {"path":"/home/christophergalliart/claude-exp/react-looper/src/components/TrackList/TrackList.styles.ts","statementMap":{"0":{"start":{"line":9,"column":22},"end":{"line":30,"column":2}}},"fnMap":{},"branchMap":{},"s":{"0":4},"f":{},"b":{},"_coverageSchema":"1a1c01bbd47fc00a2c39e90264f33305004495a9","hash":"023c44e919254fd987ff9ab9e8d670622fc55130"}
,"/home/christophergalliart/claude-exp/react-looper/src/components/TrackList/TrackList.tsx": {"path":"/home/christophergalliart/claude-exp/react-looper/src/components/TrackList/TrackList.tsx","statementMap":{"0":{"start":{"line":26,"column":51},"end":{"line":76,"column":1}},"1":{"start":{"line":35,"column":21},"end":{"line":45,"column":3}},"2":{"start":{"line":36,"column":4},"end":{"line":44,"column":6}},"3":{"start":{"line":47,"column":27},"end":{"line":60,"column":3}},"4":{"start":{"line":48,"column":4},"end":{"line":59,"column":11}},"5":{"start":{"line":62,"column":2},"end":{"line":75,"column":4}},"6":{"start":{"line":66,"column":30},"end":{"line":66,"column":37}}},"fnMap":{"0":{"name":"(anonymous_0)","decl":{"start":{"line":26,"column":51},"end":{"line":26,"column":52}},"loc":{"start":{"line":34,"column":6},"end":{"line":76,"column":1}},"line":34},"1":{"name":"(anonymous_1)","decl":{"start":{"line":35,"column":21},"end":{"line":35,"column":22}},"loc":{"start":{"line":36,"column":4},"end":{"line":44,"column":6}},"line":36},"2":{"name":"(anonymous_2)","decl":{"start":{"line":47,"column":27},"end":{"line":47,"column":28}},"loc":{"start":{"line":48,"column":4},"end":{"line":59,"column":11}},"line":48},"3":{"name":"(anonymous_3)","decl":{"start":{"line":66,"column":20},"end":{"line":66,"column":21}},"loc":{"start":{"line":66,"column":30},"end":{"line":66,"column":37}},"line":66}},"branchMap":{"0":{"loc":{"start":{"line":68,"column":29},"end":{"line":68,"column":79}},"type":"cond-expr","locations":[{"start":{"line":68,"column":51},"end":{"line":68,"column":67}},{"start":{"line":68,"column":70},"end":{"line":68,"column":79}}],"line":68}},"s":{"0":4,"1":36,"2":169,"3":36,"4":15,"5":36,"6":218},"f":{"0":36,"1":169,"2":15,"3":218},"b":{"0":[15,21]},"_coverageSchema":"1a1c01bbd47fc00a2c39e90264f33305004495a9","hash":"3e763a612a38c27040ba95673df71fceac4e3a1d"}
,"/home/christophergalliart/claude-exp/react-looper/src/components/TrackListItem/TrackListItem.styles.ts": {"path":"/home/christophergalliart/claude-exp/react-looper/src/components/TrackListItem/TrackListItem.styles.ts","statementMap":{"0":{"start":{"line":13,"column":22},"end":{"line":49,"column":2}}},"fnMap":{},"branchMap":{},"s":{"0":6},"f":{},"b":{},"_coverageSchema":"1a1c01bbd47fc00a2c39e90264f33305004495a9","hash":"ff007aa40feb4634554432e925d8c34c1cd1b102"}
,"/home/christophergalliart/claude-exp/react-looper/src/components/TrackListItem/TrackListItem.tsx": {"path":"/home/christophergalliart/claude-exp/react-looper/src/components/TrackListItem/TrackListItem.tsx","statementMap":{"0":{"start":{"line":28,"column":59},"end":{"line":144,"column":1}},"1":{"start":{"line":37,"column":21},"end":{"line":40,"column":3}},"2":{"start":{"line":38,"column":4},"end":{"line":38,"column":43}},"3":{"start":{"line":39,"column":4},"end":{"line":39,"column":23}},"4":{"start":{"line":42,"column":22},"end":{"line":45,"column":3}},"5":{"start":{"line":43,"column":4},"end":{"line":43,"column":44}},"6":{"start":{"line":44,"column":4},"end":{"line":44,"column":24}},"7":{"start":{"line":47,"column":23},"end":{"line":50,"column":3}},"8":{"start":{"line":48,"column":4},"end":{"line":48,"column":45}},"9":{"start":{"line":49,"column":4},"end":{"line":49,"column":25}},"10":{"start":{"line":52,"column":29},"end":{"line":54,"column":3}},"11":{"start":{"line":53,"column":4},"end":{"line":53,"column":39}},"12":{"start":{"line":56,"column":28},"end":{"line":58,"column":3}},"13":{"start":{"line":57,"column":4},"end":{"line":57,"column":37}},"14":{"start":{"line":60,"column":23},"end":{"line":63,"column":3}},"15":{"start":{"line":61,"column":4},"end":{"line":61,"column":45}},"16":{"start":{"line":62,"column":4},"end":{"line":62,"column":25}},"17":{"start":{"line":66,"column":22},"end":{"line":66,"column":64}},"18":{"start":{"line":68,"column":2},"end":{"line":143,"column":4}}},"fnMap":{"0":{"name":"(anonymous_0)","decl":{"start":{"line":28,"column":59},"end":{"line":28,"column":60}},"loc":{"start":{"line":36,"column":6},"end":{"line":144,"column":1}},"line":36},"1":{"name":"(anonymous_1)","decl":{"start":{"line":37,"column":21},"end":{"line":37,"column":22}},"loc":{"start":{"line":37,"column":27},"end":{"line":40,"column":3}},"line":37},"2":{"name":"(anonymous_2)","decl":{"start":{"line":42,"column":22},"end":{"line":42,"column":23}},"loc":{"start":{"line":42,"column":28},"end":{"line":45,"column":3}},"line":42},"3":{"name":"(anonymous_3)","decl":{"start":{"line":47,"column":23},"end":{"line":47,"column":24}},"loc":{"start":{"line":47,"column":29},"end":{"line":50,"column":3}},"line":47},"4":{"name":"(anonymous_4)","decl":{"start":{"line":52,"column":29},"end":{"line":52,"column":30}},"loc":{"start":{"line":52,"column":49},"end":{"line":54,"column":3}},"line":52},"5":{"name":"(anonymous_5)","decl":{"start":{"line":56,"column":28},"end":{"line":56,"column":29}},"loc":{"start":{"line":56,"column":47},"end":{"line":58,"column":3}},"line":56},"6":{"name":"(anonymous_6)","decl":{"start":{"line":60,"column":23},"end":{"line":60,"column":24}},"loc":{"start":{"line":60,"column":29},"end":{"line":63,"column":3}},"line":60}},"branchMap":{"0":{"loc":{"start":{"line":66,"column":22},"end":{"line":66,"column":64}},"type":"cond-expr","locations":[{"start":{"line":66,"column":39},"end":{"line":66,"column":48}},{"start":{"line":66,"column":51},"end":{"line":66,"column":64}}],"line":66},"1":{"loc":{"start":{"line":73,"column":49},"end":{"line":73,"column":83}},"type":"cond-expr","locations":[{"start":{"line":73,"column":66},"end":{"line":73,"column":78}},{"start":{"line":73,"column":81},"end":{"line":73,"column":83}}],"line":73},"2":{"loc":{"start":{"line":93,"column":23},"end":{"line":93,"column":62}},"type":"cond-expr","locations":[{"start":{"line":93,"column":41},"end":{"line":93,"column":50}},{"start":{"line":93,"column":53},"end":{"line":93,"column":62}}],"line":93}},"s":{"0":6,"1":206,"2":11,"3":11,"4":206,"5":1,"6":1,"7":206,"8":1,"9":1,"10":206,"11":1,"12":206,"13":1,"14":206,"15":0,"16":0,"17":206,"18":206},"f":{"0":206,"1":11,"2":1,"3":1,"4":1,"5":1,"6":0},"b":{"0":[1,205],"1":[1,205],"2":[7,199]},"_coverageSchema":"1a1c01bbd47fc00a2c39e90264f33305004495a9","hash":"f1fa4d559eaad55518d86e11aa4d2a8125299736"}
,"/home/christophergalliart/claude-exp/react-looper/src/components/VolumeSlider/VolumeSlider.styles.ts": {"path":"/home/christophergalliart/claude-exp/react-looper/src/components/VolumeSlider/VolumeSlider.styles.ts","statementMap":{"0":{"start":{"line":7,"column":22},"end":{"line":20,"column":2}}},"fnMap":{},"branchMap":{},"s":{"0":8},"f":{},"b":{},"_coverageSchema":"1a1c01bbd47fc00a2c39e90264f33305004495a9","hash":"a18c2c0fea4c5c80d216655f7ea57544ecd11737"}
,"/home/christophergalliart/claude-exp/react-looper/src/components/VolumeSlider/VolumeSlider.tsx": {"path":"/home/christophergalliart/claude-exp/react-looper/src/components/VolumeSlider/VolumeSlider.tsx","statementMap":{"0":{"start":{"line":18,"column":57},"end":{"line":47,"column":1}},"1":{"start":{"line":23,"column":24},"end":{"line":23,"column":41}},"2":{"start":{"line":25,"column":2},"end":{"line":46,"column":4}}},"fnMap":{"0":{"name":"(anonymous_0)","decl":{"start":{"line":18,"column":57},"end":{"line":18,"column":58}},"loc":{"start":{"line":22,"column":6},"end":{"line":47,"column":1}},"line":22}},"branchMap":{"0":{"loc":{"start":{"line":21,"column":2},"end":{"line":21,"column":18}},"type":"default-arg","locations":[{"start":{"line":21,"column":13},"end":{"line":21,"column":18}}],"line":21}},"s":{"0":8,"1":257,"2":257},"f":{"0":257},"b":{"0":[255]},"_coverageSchema":"1a1c01bbd47fc00a2c39e90264f33305004495a9","hash":"5ba178046f493ac9f7d35307aa0eb9270ddeccc3"}
,"/home/christophergalliart/claude-exp/react-looper/src/hooks/useAppLifecycle.ts": {"path":"/home/christophergalliart/claude-exp/react-looper/src/hooks/useAppLifecycle.ts","statementMap":{"0":{"start":{"line":59,"column":59},"end":{"line":59,"column":68}},"1":{"start":{"line":62,"column":27},"end":{"line":64,"column":3}},"2":{"start":{"line":66,"column":28},"end":{"line":92,"column":3}},"3":{"start":{"line":68,"column":27},"end":{"line":68,"column":57}},"4":{"start":{"line":69,"column":28},"end":{"line":69,"column":52}},"5":{"start":{"line":72,"column":6},"end":{"line":89,"column":7}},"6":{"start":{"line":74,"column":8},"end":{"line":80,"column":9}},"7":{"start":{"line":75,"column":10},"end":{"line":75,"column":21}},"8":{"start":{"line":76,"column":15},"end":{"line":80,"column":9}},"9":{"start":{"line":77,"column":10},"end":{"line":77,"column":25}},"10":{"start":{"line":78,"column":15},"end":{"line":80,"column":9}},"11":{"start":{"line":79,"column":10},"end":{"line":79,"column":23}},"12":{"start":{"line":83,"column":8},"end":{"line":85,"column":9}},"13":{"start":{"line":84,"column":10},"end":{"line":84,"column":48}},"14":{"start":{"line":88,"column":8},"end":{"line":88,"column":48}},"15":{"start":{"line":94,"column":2},"end":{"line":132,"column":40}},"16":{"start":{"line":96,"column":25},"end":{"line":96,"column":79}},"17":{"start":{"line":99,"column":4},"end":{"line":127,"column":5}},"18":{"start":{"line":100,"column":37},"end":{"line":106,"column":7}},"19":{"start":{"line":101,"column":8},"end":{"line":105,"column":9}},"20":{"start":{"line":102,"column":10},"end":{"line":102,"column":42}},"21":{"start":{"line":104,"column":10},"end":{"line":104,"column":38}},"22":{"start":{"line":108,"column":6},"end":{"line":108,"column":76}},"23":{"start":{"line":111,"column":33},"end":{"line":115,"column":7}},"24":{"start":{"line":112,"column":8},"end":{"line":114,"column":9}},"25":{"start":{"line":113,"column":10},"end":{"line":113,"column":25}},"26":{"start":{"line":117,"column":6},"end":{"line":117,"column":66}},"27":{"start":{"line":119,"column":6},"end":{"line":126,"column":8}},"28":{"start":{"line":120,"column":8},"end":{"line":120,"column":30}},"29":{"start":{"line":121,"column":8},"end":{"line":124,"column":10}},"30":{"start":{"line":125,"column":8},"end":{"line":125,"column":71}},"31":{"start":{"line":129,"column":4},"end":{"line":131,"column":6}},"32":{"start":{"line":130,"column":6},"end":{"line":130,"column":28}},"33":{"start":{"line":135,"column":2},"end":{"line":135,"column":49}},"34":{"start":{"line":156,"column":2},"end":{"line":159,"column":5}}},"fnMap":{"0":{"name":"useAppLifecycle","decl":{"start":{"line":58,"column":16},"end":{"line":58,"column":31}},"loc":{"start":{"line":58,"column":71},"end":{"line":136,"column":1}},"line":58},"1":{"name":"(anonymous_1)","decl":{"start":{"line":67,"column":4},"end":{"line":67,"column":5}},"loc":{"start":{"line":67,"column":38},"end":{"line":90,"column":5}},"line":67},"2":{"name":"(anonymous_2)","decl":{"start":{"line":94,"column":12},"end":{"line":94,"column":13}},"loc":{"start":{"line":94,"column":18},"end":{"line":132,"column":3}},"line":94},"3":{"name":"(anonymous_3)","decl":{"start":{"line":100,"column":37},"end":{"line":100,"column":38}},"loc":{"start":{"line":100,"column":43},"end":{"line":106,"column":7}},"line":100},"4":{"name":"(anonymous_4)","decl":{"start":{"line":111,"column":33},"end":{"line":111,"column":34}},"loc":{"start":{"line":111,"column":39},"end":{"line":115,"column":7}},"line":111},"5":{"name":"(anonymous_5)","decl":{"start":{"line":119,"column":13},"end":{"line":119,"column":14}},"loc":{"start":{"line":119,"column":19},"end":{"line":126,"column":7}},"line":119},"6":{"name":"(anonymous_6)","decl":{"start":{"line":129,"column":11},"end":{"line":129,"column":12}},"loc":{"start":{"line":129,"column":17},"end":{"line":131,"column":5}},"line":129},"7":{"name":"useBackgroundHandler","decl":{"start":{"line":152,"column":16},"end":{"line":152,"column":36}},"loc":{"start":{"line":155,"column":2},"end":{"line":160,"column":1}},"line":155}},"branchMap":{"0":{"loc":{"start":{"line":58,"column":32},"end":{"line":58,"column":69}},"type":"default-arg","locations":[{"start":{"line":58,"column":67},"end":{"line":58,"column":69}}],"line":58},"1":{"loc":{"start":{"line":72,"column":6},"end":{"line":89,"column":7}},"type":"if","locations":[{"start":{"line":72,"column":6},"end":{"line":89,"column":7}},{"start":{},"end":{}}],"line":72},"2":{"loc":{"start":{"line":74,"column":8},"end":{"line":80,"column":9}},"type":"if","locations":[{"start":{"line":74,"column":8},"end":{"line":80,"column":9}},{"start":{"line":76,"column":15},"end":{"line":80,"column":9}}],"line":74},"3":{"loc":{"start":{"line":74,"column":12},"end":{"line":74,"column":49}},"type":"binary-expr","locations":[{"start":{"line":74,"column":12},"end":{"line":74,"column":37}},{"start":{"line":74,"column":41},"end":{"line":74,"column":49}}],"line":74},"4":{"loc":{"start":{"line":76,"column":15},"end":{"line":80,"column":9}},"type":"if","locations":[{"start":{"line":76,"column":15},"end":{"line":80,"column":9}},{"start":{"line":78,"column":15},"end":{"line":80,"column":9}}],"line":76},"5":{"loc":{"start":{"line":76,"column":19},"end":{"line":76,"column":64}},"type":"binary-expr","locations":[{"start":{"line":76,"column":19},"end":{"line":76,"column":48}},{"start":{"line":76,"column":52},"end":{"line":76,"column":64}}],"line":76},"6":{"loc":{"start":{"line":78,"column":15},"end":{"line":80,"column":9}},"type":"if","locations":[{"start":{"line":78,"column":15},"end":{"line":80,"column":9}},{"start":{},"end":{}}],"line":78},"7":{"loc":{"start":{"line":78,"column":19},"end":{"line":78,"column":60}},"type":"binary-expr","locations":[{"start":{"line":78,"column":19},"end":{"line":78,"column":46}},{"start":{"line":78,"column":50},"end":{"line":78,"column":60}}],"line":78},"8":{"loc":{"start":{"line":83,"column":8},"end":{"line":85,"column":9}},"type":"if","locations":[{"start":{"line":83,"column":8},"end":{"line":85,"column":9}},{"start":{},"end":{}}],"line":83},"9":{"loc":{"start":{"line":99,"column":4},"end":{"line":127,"column":5}},"type":"if","locations":[{"start":{"line":99,"column":4},"end":{"line":127,"column":5}},{"start":{},"end":{}}],"line":99},"10":{"loc":{"start":{"line":101,"column":8},"end":{"line":105,"column":9}},"type":"if","locations":[{"start":{"line":101,"column":8},"end":{"line":105,"column":9}},{"start":{"line":103,"column":15},"end":{"line":105,"column":9}}],"line":101},"11":{"loc":{"start":{"line":112,"column":8},"end":{"line":114,"column":9}},"type":"if","locations":[{"start":{"line":112,"column":8},"end":{"line":114,"column":9}},{"start":{},"end":{}}],"line":112}},"s":{"0":11,"1":11,"2":11,"3":14,"4":14,"5":14,"6":10,"7":2,"8":8,"9":0,"10":8,"11":1,"12":10,"13":6,"14":10,"15":11,"16":11,"17":11,"18":0,"19":0,"20":0,"21":0,"22":0,"23":0,"24":0,"25":0,"26":0,"27":0,"28":0,"29":0,"30":0,"31":11,"32":11,"33":11,"34":3},"f":{"0":11,"1":14,"2":11,"3":0,"4":0,"5":0,"6":11,"7":3},"b":{"0":[2],"1":[10,4],"2":[2,8],"3":[10,5],"4":[0,8],"5":[8,3],"6":[1,7],"7":[8,2],"8":[6,4],"9":[0,11],"10":[0,0],"11":[0,0]},"_coverageSchema":"1a1c01bbd47fc00a2c39e90264f33305004495a9","hash":"387cf2f9f8d79d5246d461361059d374d2de7add"}
,"/home/christophergalliart/claude-exp/react-looper/src/mocks/mockAudioData.ts": {"path":"/home/christophergalliart/claude-exp/react-looper/src/mocks/mockAudioData.ts","statementMap":{"0":{"start":{"line":13,"column":31},"end":{"line":20,"column":1}},"1":{"start":{"line":25,"column":66},"end":{"line":61,"column":1}},"2":{"start":{"line":66,"column":52},"end":{"line":82,"column":1}},"3":{"start":{"line":91,"column":20},"end":{"line":91,"column":30}},"4":{"start":{"line":92,"column":2},"end":{"line":92,"column":57}},"5":{"start":{"line":100,"column":2},"end":{"line":102,"column":3}},"6":{"start":{"line":101,"column":4},"end":{"line":101,"column":36}},"7":{"start":{"line":105,"column":17},"end":{"line":105,"column":46}},"8":{"start":{"line":106,"column":2},"end":{"line":112,"column":4}},"9":{"start":{"line":118,"column":55},"end":{"line":124,"column":1}},"10":{"start":{"line":130,"column":2},"end":{"line":130,"column":41}}},"fnMap":{"0":{"name":"generateMockUri","decl":{"start":{"line":87,"column":16},"end":{"line":87,"column":31}},"loc":{"start":{"line":90,"column":10},"end":{"line":93,"column":1}},"line":90},"1":{"name":"getMockMetadata","decl":{"start":{"line":98,"column":16},"end":{"line":98,"column":31}},"loc":{"start":{"line":98,"column":60},"end":{"line":113,"column":1}},"line":98},"2":{"name":"getMockFileSize","decl":{"start":{"line":129,"column":16},"end":{"line":129,"column":31}},"loc":{"start":{"line":129,"column":53},"end":{"line":131,"column":1}},"line":129}},"branchMap":{"0":{"loc":{"start":{"line":88,"column":2},"end":{"line":88,"column":30}},"type":"default-arg","locations":[{"start":{"line":88,"column":19},"end":{"line":88,"column":30}}],"line":88},"1":{"loc":{"start":{"line":89,"column":2},"end":{"line":89,"column":39}},"type":"default-arg","locations":[{"start":{"line":89,"column":24},"end":{"line":89,"column":39}}],"line":89},"2":{"loc":{"start":{"line":100,"column":2},"end":{"line":102,"column":3}},"type":"if","locations":[{"start":{"line":100,"column":2},"end":{"line":102,"column":3}},{"start":{},"end":{}}],"line":100},"3":{"loc":{"start":{"line":105,"column":17},"end":{"line":105,"column":46}},"type":"binary-expr","locations":[{"start":{"line":105,"column":17},"end":{"line":105,"column":37}},{"start":{"line":105,"column":41},"end":{"line":105,"column":46}}],"line":105},"4":{"loc":{"start":{"line":130,"column":9},"end":{"line":130,"column":40}},"type":"binary-expr","locations":[{"start":{"line":130,"column":9},"end":{"line":130,"column":29}},{"start":{"line":130,"column":33},"end":{"line":130,"column":40}}],"line":130}},"s":{"0":5,"1":5,"2":5,"3":8,"4":8,"5":37,"6":20,"7":17,"8":17,"9":5,"10":312},"f":{"0":8,"1":37,"2":312},"b":{"0":[0],"1":[0],"2":[20,17],"3":[17,0],"4":[312,52]},"_coverageSchema":"1a1c01bbd47fc00a2c39e90264f33305004495a9","hash":"8fd96dfd210eed685836e7cce4b3b52dbd6ff72b"}
,"/home/christophergalliart/claude-exp/react-looper/src/screens/MainScreen/MainScreen.styles.ts": {"path":"/home/christophergalliart/claude-exp/react-looper/src/screens/MainScreen/MainScreen.styles.ts","statementMap":{"0":{"start":{"line":17,"column":17},"end":{"line":17,"column":37}},"1":{"start":{"line":18,"column":22},"end":{"line":18,"column":33}},"2":{"start":{"line":20,"column":22},"end":{"line":55,"column":2}}},"fnMap":{},"branchMap":{"0":{"loc":{"start":{"line":30,"column":14},"end":{"line":30,"column":47}},"type":"cond-expr","locations":[{"start":{"line":30,"column":30},"end":{"line":30,"column":38}},{"start":{"line":30,"column":41},"end":{"line":30,"column":47}}],"line":30},"1":{"loc":{"start":{"line":36,"column":23},"end":{"line":36,"column":74}},"type":"cond-expr","locations":[{"start":{"line":36,"column":39},"end":{"line":36,"column":55}},{"start":{"line":36,"column":58},"end":{"line":36,"column":74}}],"line":36},"2":{"loc":{"start":{"line":39,"column":9},"end":{"line":39,"column":31}},"type":"cond-expr","locations":[{"start":{"line":39,"column":25},"end":{"line":39,"column":27}},{"start":{"line":39,"column":30},"end":{"line":39,"column":31}}],"line":39},"3":{"loc":{"start":{"line":45,"column":23},"end":{"line":45,"column":74}},"type":"cond-expr","locations":[{"start":{"line":45,"column":39},"end":{"line":45,"column":55}},{"start":{"line":45,"column":58},"end":{"line":45,"column":74}}],"line":45},"4":{"loc":{"start":{"line":48,"column":9},"end":{"line":48,"column":31}},"type":"cond-expr","locations":[{"start":{"line":48,"column":25},"end":{"line":48,"column":27}},{"start":{"line":48,"column":30},"end":{"line":48,"column":31}}],"line":48},"5":{"loc":{"start":{"line":53,"column":23},"end":{"line":53,"column":59}},"type":"cond-expr","locations":[{"start":{"line":53,"column":39},"end":{"line":53,"column":55}},{"start":{"line":53,"column":58},"end":{"line":53,"column":59}}],"line":53}},"s":{"0":2,"1":2,"2":2},"f":{},"b":{"0":[0,2],"1":[0,2],"2":[0,2],"3":[0,2],"4":[0,2],"5":[0,2]},"_coverageSchema":"1a1c01bbd47fc00a2c39e90264f33305004495a9","hash":"6e4ab832ed4e486f8a6f2945a606e606647caa22"}
,"/home/christophergalliart/claude-exp/react-looper/src/screens/MainScreen/MainScreen.tsx": {"path":"/home/christophergalliart/claude-exp/react-looper/src/screens/MainScreen/MainScreen.tsx","statementMap":{"0":{"start":{"line":30,"column":0},"end":{"line":30,"column":26}},"1":{"start":{"line":32,"column":36},"end":{"line":590,"column":1}},"2":{"start":{"line":33,"column":30},"end":{"line":33,"column":51}},"3":{"start":{"line":34,"column":50},"end":{"line":34,"column":65}},"4":{"start":{"line":35,"column":50},"end":{"line":35,"column":65}},"5":{"start":{"line":36,"column":40},"end":{"line":36,"column":55}},"6":{"start":{"line":37,"column":36},"end":{"line":37,"column":51}},"7":{"start":{"line":38,"column":50},"end":{"line":38,"column":79}},"8":{"start":{"line":39,"column":26},"end":{"line":39,"column":59}},"9":{"start":{"line":40,"column":28},"end":{"line":40,"column":63}},"10":{"start":{"line":43,"column":2},"end":{"line":63,"column":9}},"11":{"start":{"line":44,"column":4},"end":{"line":52,"column":5}},"12":{"start":{"line":45,"column":6},"end":{"line":45,"column":50}},"13":{"start":{"line":46,"column":6},"end":{"line":46,"column":59}},"14":{"start":{"line":48,"column":6},"end":{"line":48,"column":78}},"15":{"start":{"line":49,"column":6},"end":{"line":51,"column":7}},"16":{"start":{"line":50,"column":8},"end":{"line":50,"column":48}},"17":{"start":{"line":54,"column":4},"end":{"line":62,"column":6}},"18":{"start":{"line":56,"column":6},"end":{"line":58,"column":7}},"19":{"start":{"line":57,"column":8},"end":{"line":57,"column":42}},"20":{"start":{"line":59,"column":6},"end":{"line":61,"column":7}},"21":{"start":{"line":60,"column":8},"end":{"line":60,"column":48}},"22":{"start":{"line":69,"column":37},"end":{"line":76,"column":3}},"23":{"start":{"line":71,"column":22},"end":{"line":71,"column":34}},"24":{"start":{"line":75,"column":4},"end":{"line":75,"column":39}},"25":{"start":{"line":78,"column":23},"end":{"line":118,"column":3}},"26":{"start":{"line":79,"column":4},"end":{"line":79,"column":52}},"27":{"start":{"line":81,"column":4},"end":{"line":85,"column":5}},"28":{"start":{"line":82,"column":6},"end":{"line":82,"column":66}},"29":{"start":{"line":83,"column":6},"end":{"line":83,"column":60}},"30":{"start":{"line":84,"column":6},"end":{"line":84,"column":13}},"31":{"start":{"line":87,"column":4},"end":{"line":117,"column":5}},"32":{"start":{"line":88,"column":6},"end":{"line":88,"column":56}},"33":{"start":{"line":89,"column":6},"end":{"line":89,"column":25}},"34":{"start":{"line":90,"column":6},"end":{"line":90,"column":53}},"35":{"start":{"line":91,"column":6},"end":{"line":91,"column":27}},"36":{"start":{"line":92,"column":6},"end":{"line":92,"column":65}},"37":{"start":{"line":95,"column":6},"end":{"line":107,"column":7}},"38":{"start":{"line":96,"column":31},"end":{"line":96,"column":75}},"39":{"start":{"line":97,"column":8},"end":{"line":99,"column":10}},"40":{"start":{"line":101,"column":8},"end":{"line":106,"column":27}},"41":{"start":{"line":102,"column":10},"end":{"line":104,"column":12}},"42":{"start":{"line":105,"column":10},"end":{"line":105,"column":23}},"43":{"start":{"line":109,"column":6},"end":{"line":109,"column":61}},"44":{"start":{"line":110,"column":6},"end":{"line":114,"column":7}},"45":{"start":{"line":111,"column":8},"end":{"line":111,"column":58}},"46":{"start":{"line":113,"column":8},"end":{"line":113,"column":58}},"47":{"start":{"line":116,"column":6},"end":{"line":116,"column":26}},"48":{"start":{"line":120,"column":21},"end":{"line":182,"column":3}},"49":{"start":{"line":121,"column":4},"end":{"line":124,"column":5}},"50":{"start":{"line":122,"column":6},"end":{"line":122,"column":60}},"51":{"start":{"line":123,"column":6},"end":{"line":123,"column":13}},"52":{"start":{"line":127,"column":4},"end":{"line":130,"column":5}},"53":{"start":{"line":128,"column":6},"end":{"line":128,"column":46}},"54":{"start":{"line":129,"column":6},"end":{"line":129,"column":39}},"55":{"start":{"line":132,"column":4},"end":{"line":181,"column":5}},"56":{"start":{"line":133,"column":6},"end":{"line":133,"column":25}},"57":{"start":{"line":134,"column":18},"end":{"line":134,"column":63}},"58":{"start":{"line":135,"column":6},"end":{"line":135,"column":28}},"59":{"start":{"line":137,"column":32},"end":{"line":137,"column":78}},"60":{"start":{"line":140,"column":6},"end":{"line":145,"column":7}},"61":{"start":{"line":141,"column":8},"end":{"line":141,"column":47}},"62":{"start":{"line":142,"column":8},"end":{"line":144,"column":10}},"63":{"start":{"line":148,"column":30},"end":{"line":158,"column":7}},"64":{"start":{"line":161,"column":6},"end":{"line":165,"column":9}},"65":{"start":{"line":167,"column":6},"end":{"line":167,"column":59}},"66":{"start":{"line":167,"column":32},"end":{"line":167,"column":57}},"67":{"start":{"line":168,"column":6},"end":{"line":171,"column":8}},"68":{"start":{"line":173,"column":6},"end":{"line":173,"column":66}},"69":{"start":{"line":174,"column":6},"end":{"line":178,"column":7}},"70":{"start":{"line":175,"column":8},"end":{"line":175,"column":48}},"71":{"start":{"line":177,"column":8},"end":{"line":177,"column":57}},"72":{"start":{"line":180,"column":6},"end":{"line":180,"column":26}},"73":{"start":{"line":184,"column":23},"end":{"line":236,"column":3}},"74":{"start":{"line":185,"column":4},"end":{"line":188,"column":5}},"75":{"start":{"line":186,"column":6},"end":{"line":186,"column":60}},"76":{"start":{"line":187,"column":6},"end":{"line":187,"column":13}},"77":{"start":{"line":190,"column":4},"end":{"line":235,"column":5}},"78":{"start":{"line":191,"column":6},"end":{"line":191,"column":25}},"79":{"start":{"line":192,"column":6},"end":{"line":192,"column":58}},"80":{"start":{"line":195,"column":27},"end":{"line":195,"column":44}},"81":{"start":{"line":196,"column":27},"end":{"line":196,"column":61}},"82":{"start":{"line":198,"column":6},"end":{"line":198,"column":68}},"83":{"start":{"line":201,"column":23},"end":{"line":201,"column":63}},"84":{"start":{"line":204,"column":30},"end":{"line":214,"column":7}},"85":{"start":{"line":217,"column":6},"end":{"line":221,"column":9}},"86":{"start":{"line":223,"column":6},"end":{"line":223,"column":59}},"87":{"start":{"line":223,"column":32},"end":{"line":223,"column":57}},"88":{"start":{"line":224,"column":6},"end":{"line":224,"column":71}},"89":{"start":{"line":226,"column":6},"end":{"line":226,"column":58}},"90":{"start":{"line":227,"column":6},"end":{"line":232,"column":7}},"91":{"start":{"line":228,"column":8},"end":{"line":228,"column":55}},"92":{"start":{"line":231,"column":8},"end":{"line":231,"column":61}},"93":{"start":{"line":234,"column":6},"end":{"line":234,"column":26}},"94":{"start":{"line":238,"column":21},"end":{"line":241,"column":3}},"95":{"start":{"line":239,"column":4},"end":{"line":239,"column":39}},"96":{"start":{"line":240,"column":4},"end":{"line":240,"column":30}},"97":{"start":{"line":243,"column":33},"end":{"line":245,"column":3}},"98":{"start":{"line":244,"column":4},"end":{"line":244,"column":31}},"99":{"start":{"line":247,"column":21},"end":{"line":249,"column":3}},"100":{"start":{"line":248,"column":4},"end":{"line":248,"column":30}},"101":{"start":{"line":251,"column":33},"end":{"line":253,"column":3}},"102":{"start":{"line":252,"column":4},"end":{"line":252,"column":31}},"103":{"start":{"line":255,"column":30},"end":{"line":332,"column":3}},"104":{"start":{"line":257,"column":27},"end":{"line":257,"column":67}},"105":{"start":{"line":257,"column":52},"end":{"line":257,"column":66}},"106":{"start":{"line":259,"column":4},"end":{"line":262,"column":5}},"107":{"start":{"line":260,"column":6},"end":{"line":260,"column":71}},"108":{"start":{"line":261,"column":6},"end":{"line":261,"column":13}},"109":{"start":{"line":264,"column":4},"end":{"line":264,"column":31}},"110":{"start":{"line":265,"column":4},"end":{"line":265,"column":23}},"111":{"start":{"line":267,"column":4},"end":{"line":331,"column":5}},"112":{"start":{"line":268,"column":6},"end":{"line":270,"column":8}},"113":{"start":{"line":273,"column":28},"end":{"line":273,"column":46}},"114":{"start":{"line":276,"column":6},"end":{"line":276,"column":33}},"115":{"start":{"line":279,"column":24},"end":{"line":283,"column":9}},"116":{"start":{"line":279,"column":55},"end":{"line":283,"column":7}},"117":{"start":{"line":286,"column":21},"end":{"line":288,"column":8}},"118":{"start":{"line":290,"column":6},"end":{"line":290,"column":26}},"119":{"start":{"line":292,"column":6},"end":{"line":292,"column":50}},"120":{"start":{"line":295,"column":6},"end":{"line":315,"column":7}},"121":{"start":{"line":297,"column":8},"end":{"line":301,"column":10}},"122":{"start":{"line":305,"column":20},"end":{"line":305,"column":47}},"123":{"start":{"line":306,"column":21},"end":{"line":306,"column":48}},"124":{"start":{"line":307,"column":8},"end":{"line":307,"column":24}},"125":{"start":{"line":308,"column":8},"end":{"line":308,"column":42}},"126":{"start":{"line":309,"column":8},"end":{"line":309,"column":40}},"127":{"start":{"line":310,"column":8},"end":{"line":310,"column":21}},"128":{"start":{"line":311,"column":8},"end":{"line":311,"column":40}},"129":{"start":{"line":312,"column":8},"end":{"line":312,"column":33}},"130":{"start":{"line":314,"column":8},"end":{"line":314,"column":76}},"131":{"start":{"line":317,"column":6},"end":{"line":317,"column":26}},"132":{"start":{"line":318,"column":6},"end":{"line":318,"column":58}},"133":{"start":{"line":319,"column":6},"end":{"line":323,"column":9}},"134":{"start":{"line":325,"column":6},"end":{"line":330,"column":7}},"135":{"start":{"line":326,"column":8},"end":{"line":326,"column":55}},"136":{"start":{"line":328,"column":29},"end":{"line":328,"column":72}},"137":{"start":{"line":329,"column":8},"end":{"line":329,"column":76}},"138":{"start":{"line":334,"column":21},"end":{"line":363,"column":3}},"139":{"start":{"line":335,"column":4},"end":{"line":337,"column":5}},"140":{"start":{"line":336,"column":6},"end":{"line":336,"column":13}},"141":{"start":{"line":340,"column":18},"end":{"line":340,"column":54}},"142":{"start":{"line":340,"column":37},"end":{"line":340,"column":53}},"143":{"start":{"line":341,"column":4},"end":{"line":344,"column":5}},"144":{"start":{"line":342,"column":6},"end":{"line":342,"column":80}},"145":{"start":{"line":343,"column":6},"end":{"line":343,"column":13}},"146":{"start":{"line":346,"column":4},"end":{"line":362,"column":5}},"147":{"start":{"line":347,"column":6},"end":{"line":347,"column":55}},"148":{"start":{"line":350,"column":6},"end":{"line":354,"column":8}},"149":{"start":{"line":351,"column":8},"end":{"line":353,"column":9}},"150":{"start":{"line":352,"column":10},"end":{"line":352,"column":70}},"151":{"start":{"line":356,"column":6},"end":{"line":356,"column":60}},"152":{"start":{"line":358,"column":6},"end":{"line":358,"column":56}},"153":{"start":{"line":359,"column":6},"end":{"line":361,"column":7}},"154":{"start":{"line":360,"column":8},"end":{"line":360,"column":57}},"155":{"start":{"line":365,"column":22},"end":{"line":387,"column":3}},"156":{"start":{"line":366,"column":4},"end":{"line":368,"column":5}},"157":{"start":{"line":367,"column":6},"end":{"line":367,"column":13}},"158":{"start":{"line":370,"column":4},"end":{"line":386,"column":5}},"159":{"start":{"line":371,"column":6},"end":{"line":371,"column":56}},"160":{"start":{"line":374,"column":6},"end":{"line":378,"column":8}},"161":{"start":{"line":375,"column":8},"end":{"line":377,"column":9}},"162":{"start":{"line":376,"column":10},"end":{"line":376,"column":71}},"163":{"start":{"line":380,"column":6},"end":{"line":380,"column":59}},"164":{"start":{"line":382,"column":6},"end":{"line":382,"column":57}},"165":{"start":{"line":383,"column":6},"end":{"line":385,"column":7}},"166":{"start":{"line":384,"column":8},"end":{"line":384,"column":57}},"167":{"start":{"line":389,"column":23},"end":{"line":419,"column":3}},"168":{"start":{"line":390,"column":4},"end":{"line":392,"column":5}},"169":{"start":{"line":391,"column":6},"end":{"line":391,"column":13}},"170":{"start":{"line":394,"column":4},"end":{"line":418,"column":5}},"171":{"start":{"line":396,"column":6},"end":{"line":396,"column":57}},"172":{"start":{"line":398,"column":6},"end":{"line":410,"column":9}},"173":{"start":{"line":399,"column":26},"end":{"line":399,"column":76}},"174":{"start":{"line":399,"column":55},"end":{"line":399,"column":75}},"175":{"start":{"line":402,"column":8},"end":{"line":407,"column":9}},"176":{"start":{"line":403,"column":10},"end":{"line":403,"column":36}},"177":{"start":{"line":404,"column":10},"end":{"line":406,"column":12}},"178":{"start":{"line":409,"column":8},"end":{"line":409,"column":25}},"179":{"start":{"line":412,"column":6},"end":{"line":412,"column":60}},"180":{"start":{"line":414,"column":6},"end":{"line":414,"column":58}},"181":{"start":{"line":415,"column":6},"end":{"line":417,"column":7}},"182":{"start":{"line":416,"column":8},"end":{"line":416,"column":55}},"183":{"start":{"line":421,"column":29},"end":{"line":442,"column":3}},"184":{"start":{"line":422,"column":4},"end":{"line":424,"column":5}},"185":{"start":{"line":423,"column":6},"end":{"line":423,"column":13}},"186":{"start":{"line":426,"column":4},"end":{"line":441,"column":5}},"187":{"start":{"line":427,"column":6},"end":{"line":427,"column":68}},"188":{"start":{"line":430,"column":6},"end":{"line":434,"column":8}},"189":{"start":{"line":431,"column":8},"end":{"line":433,"column":9}},"190":{"start":{"line":432,"column":10},"end":{"line":432,"column":61}},"191":{"start":{"line":436,"column":6},"end":{"line":438,"column":8}},"192":{"start":{"line":440,"column":6},"end":{"line":440,"column":65}},"193":{"start":{"line":444,"column":28},"end":{"line":463,"column":3}},"194":{"start":{"line":445,"column":4},"end":{"line":447,"column":5}},"195":{"start":{"line":446,"column":6},"end":{"line":446,"column":13}},"196":{"start":{"line":449,"column":4},"end":{"line":462,"column":5}},"197":{"start":{"line":450,"column":6},"end":{"line":450,"column":66}},"198":{"start":{"line":453,"column":6},"end":{"line":457,"column":8}},"199":{"start":{"line":454,"column":8},"end":{"line":456,"column":9}},"200":{"start":{"line":455,"column":10},"end":{"line":455,"column":60}},"201":{"start":{"line":459,"column":6},"end":{"line":459,"column":79}},"202":{"start":{"line":461,"column":6},"end":{"line":461,"column":64}},"203":{"start":{"line":465,"column":23},"end":{"line":474,"column":3}},"204":{"start":{"line":466,"column":4},"end":{"line":471,"column":6}},"205":{"start":{"line":467,"column":6},"end":{"line":470,"column":9}},"206":{"start":{"line":467,"column":33},"end":{"line":470,"column":7}},"207":{"start":{"line":473,"column":4},"end":{"line":473,"column":71}},"208":{"start":{"line":476,"column":2},"end":{"line":589,"column":4}}},"fnMap":{"0":{"name":"(anonymous_0)","decl":{"start":{"line":32,"column":36},"end":{"line":32,"column":37}},"loc":{"start":{"line":32,"column":42},"end":{"line":590,"column":1}},"line":32},"1":{"name":"(anonymous_1)","decl":{"start":{"line":43,"column":12},"end":{"line":43,"column":13}},"loc":{"start":{"line":43,"column":18},"end":{"line":63,"column":3}},"line":43},"2":{"name":"(anonymous_2)","decl":{"start":{"line":54,"column":11},"end":{"line":54,"column":12}},"loc":{"start":{"line":54,"column":17},"end":{"line":62,"column":5}},"line":54},"3":{"name":"(anonymous_3)","decl":{"start":{"line":69,"column":37},"end":{"line":69,"column":38}},"loc":{"start":{"line":69,"column":71},"end":{"line":76,"column":3}},"line":69},"4":{"name":"(anonymous_4)","decl":{"start":{"line":78,"column":23},"end":{"line":78,"column":24}},"loc":{"start":{"line":78,"column":35},"end":{"line":118,"column":3}},"line":78},"5":{"name":"(anonymous_5)","decl":{"start":{"line":101,"column":47},"end":{"line":101,"column":48}},"loc":{"start":{"line":101,"column":53},"end":{"line":106,"column":9}},"line":101},"6":{"name":"(anonymous_6)","decl":{"start":{"line":120,"column":21},"end":{"line":120,"column":22}},"loc":{"start":{"line":120,"column":33},"end":{"line":182,"column":3}},"line":120},"7":{"name":"(anonymous_7)","decl":{"start":{"line":167,"column":16},"end":{"line":167,"column":17}},"loc":{"start":{"line":167,"column":32},"end":{"line":167,"column":57}},"line":167},"8":{"name":"(anonymous_8)","decl":{"start":{"line":184,"column":23},"end":{"line":184,"column":24}},"loc":{"start":{"line":184,"column":35},"end":{"line":236,"column":3}},"line":184},"9":{"name":"(anonymous_9)","decl":{"start":{"line":223,"column":16},"end":{"line":223,"column":17}},"loc":{"start":{"line":223,"column":32},"end":{"line":223,"column":57}},"line":223},"10":{"name":"(anonymous_10)","decl":{"start":{"line":238,"column":21},"end":{"line":238,"column":22}},"loc":{"start":{"line":238,"column":27},"end":{"line":241,"column":3}},"line":238},"11":{"name":"(anonymous_11)","decl":{"start":{"line":243,"column":33},"end":{"line":243,"column":34}},"loc":{"start":{"line":243,"column":39},"end":{"line":245,"column":3}},"line":243},"12":{"name":"(anonymous_12)","decl":{"start":{"line":247,"column":21},"end":{"line":247,"column":22}},"loc":{"start":{"line":247,"column":27},"end":{"line":249,"column":3}},"line":247},"13":{"name":"(anonymous_13)","decl":{"start":{"line":251,"column":33},"end":{"line":251,"column":34}},"loc":{"start":{"line":251,"column":39},"end":{"line":253,"column":3}},"line":251},"14":{"name":"(anonymous_14)","decl":{"start":{"line":255,"column":30},"end":{"line":255,"column":31}},"loc":{"start":{"line":255,"column":58},"end":{"line":332,"column":3}},"line":255},"15":{"name":"(anonymous_15)","decl":{"start":{"line":257,"column":41},"end":{"line":257,"column":42}},"loc":{"start":{"line":257,"column":52},"end":{"line":257,"column":66}},"line":257},"16":{"name":"(anonymous_16)","decl":{"start":{"line":279,"column":43},"end":{"line":279,"column":44}},"loc":{"start":{"line":279,"column":55},"end":{"line":283,"column":7}},"line":279},"17":{"name":"(anonymous_17)","decl":{"start":{"line":334,"column":21},"end":{"line":334,"column":22}},"loc":{"start":{"line":334,"column":48},"end":{"line":363,"column":3}},"line":334},"18":{"name":"(anonymous_18)","decl":{"start":{"line":340,"column":30},"end":{"line":340,"column":31}},"loc":{"start":{"line":340,"column":37},"end":{"line":340,"column":53}},"line":340},"19":{"name":"(anonymous_19)","decl":{"start":{"line":350,"column":16},"end":{"line":350,"column":17}},"loc":{"start":{"line":351,"column":8},"end":{"line":353,"column":9}},"line":351},"20":{"name":"(anonymous_20)","decl":{"start":{"line":351,"column":23},"end":{"line":351,"column":24}},"loc":{"start":{"line":352,"column":10},"end":{"line":352,"column":70}},"line":352},"21":{"name":"(anonymous_21)","decl":{"start":{"line":365,"column":22},"end":{"line":365,"column":23}},"loc":{"start":{"line":365,"column":49},"end":{"line":387,"column":3}},"line":365},"22":{"name":"(anonymous_22)","decl":{"start":{"line":374,"column":16},"end":{"line":374,"column":17}},"loc":{"start":{"line":375,"column":8},"end":{"line":377,"column":9}},"line":375},"23":{"name":"(anonymous_23)","decl":{"start":{"line":375,"column":23},"end":{"line":375,"column":24}},"loc":{"start":{"line":376,"column":10},"end":{"line":376,"column":71}},"line":376},"24":{"name":"(anonymous_24)","decl":{"start":{"line":389,"column":23},"end":{"line":389,"column":24}},"loc":{"start":{"line":389,"column":50},"end":{"line":419,"column":3}},"line":389},"25":{"name":"(anonymous_25)","decl":{"start":{"line":398,"column":16},"end":{"line":398,"column":17}},"loc":{"start":{"line":398,"column":32},"end":{"line":410,"column":7}},"line":398},"26":{"name":"(anonymous_26)","decl":{"start":{"line":399,"column":44},"end":{"line":399,"column":45}},"loc":{"start":{"line":399,"column":55},"end":{"line":399,"column":75}},"line":399},"27":{"name":"(anonymous_27)","decl":{"start":{"line":421,"column":29},"end":{"line":421,"column":30}},"loc":{"start":{"line":421,"column":72},"end":{"line":442,"column":3}},"line":421},"28":{"name":"(anonymous_28)","decl":{"start":{"line":430,"column":16},"end":{"line":430,"column":17}},"loc":{"start":{"line":431,"column":8},"end":{"line":433,"column":9}},"line":431},"29":{"name":"(anonymous_29)","decl":{"start":{"line":431,"column":23},"end":{"line":431,"column":24}},"loc":{"start":{"line":432,"column":10},"end":{"line":432,"column":61}},"line":432},"30":{"name":"(anonymous_30)","decl":{"start":{"line":444,"column":28},"end":{"line":444,"column":29}},"loc":{"start":{"line":444,"column":70},"end":{"line":463,"column":3}},"line":444},"31":{"name":"(anonymous_31)","decl":{"start":{"line":453,"column":16},"end":{"line":453,"column":17}},"loc":{"start":{"line":454,"column":8},"end":{"line":456,"column":9}},"line":454},"32":{"name":"(anonymous_32)","decl":{"start":{"line":454,"column":23},"end":{"line":454,"column":24}},"loc":{"start":{"line":455,"column":10},"end":{"line":455,"column":60}},"line":455},"33":{"name":"(anonymous_33)","decl":{"start":{"line":465,"column":23},"end":{"line":465,"column":24}},"loc":{"start":{"line":465,"column":44},"end":{"line":474,"column":3}},"line":465},"34":{"name":"(anonymous_34)","decl":{"start":{"line":466,"column":14},"end":{"line":466,"column":15}},"loc":{"start":{"line":467,"column":6},"end":{"line":470,"column":9}},"line":467},"35":{"name":"(anonymous_35)","decl":{"start":{"line":467,"column":21},"end":{"line":467,"column":22}},"loc":{"start":{"line":467,"column":33},"end":{"line":470,"column":7}},"line":467}},"branchMap":{"0":{"loc":{"start":{"line":49,"column":6},"end":{"line":51,"column":7}},"type":"if","locations":[{"start":{"line":49,"column":6},"end":{"line":51,"column":7}},{"start":{},"end":{}}],"line":49},"1":{"loc":{"start":{"line":56,"column":6},"end":{"line":58,"column":7}},"type":"if","locations":[{"start":{"line":56,"column":6},"end":{"line":58,"column":7}},{"start":{},"end":{}}],"line":56},"2":{"loc":{"start":{"line":59,"column":6},"end":{"line":61,"column":7}},"type":"if","locations":[{"start":{"line":59,"column":6},"end":{"line":61,"column":7}},{"start":{},"end":{}}],"line":59},"3":{"loc":{"start":{"line":81,"column":4},"end":{"line":85,"column":5}},"type":"if","locations":[{"start":{"line":81,"column":4},"end":{"line":85,"column":5}},{"start":{},"end":{}}],"line":81},"4":{"loc":{"start":{"line":95,"column":6},"end":{"line":107,"column":7}},"type":"if","locations":[{"start":{"line":95,"column":6},"end":{"line":107,"column":7}},{"start":{},"end":{}}],"line":95},"5":{"loc":{"start":{"line":110,"column":6},"end":{"line":114,"column":7}},"type":"if","locations":[{"start":{"line":110,"column":6},"end":{"line":114,"column":7}},{"start":{"line":112,"column":13},"end":{"line":114,"column":7}}],"line":110},"6":{"loc":{"start":{"line":121,"column":4},"end":{"line":124,"column":5}},"type":"if","locations":[{"start":{"line":121,"column":4},"end":{"line":124,"column":5}},{"start":{},"end":{}}],"line":121},"7":{"loc":{"start":{"line":127,"column":4},"end":{"line":130,"column":5}},"type":"if","locations":[{"start":{"line":127,"column":4},"end":{"line":130,"column":5}},{"start":{},"end":{}}],"line":127},"8":{"loc":{"start":{"line":140,"column":6},"end":{"line":145,"column":7}},"type":"if","locations":[{"start":{"line":140,"column":6},"end":{"line":145,"column":7}},{"start":{},"end":{}}],"line":140},"9":{"loc":{"start":{"line":174,"column":6},"end":{"line":178,"column":7}},"type":"if","locations":[{"start":{"line":174,"column":6},"end":{"line":178,"column":7}},{"start":{"line":176,"column":13},"end":{"line":178,"column":7}}],"line":174},"10":{"loc":{"start":{"line":185,"column":4},"end":{"line":188,"column":5}},"type":"if","locations":[{"start":{"line":185,"column":4},"end":{"line":188,"column":5}},{"start":{},"end":{}}],"line":185},"11":{"loc":{"start":{"line":227,"column":6},"end":{"line":232,"column":7}},"type":"if","locations":[{"start":{"line":227,"column":6},"end":{"line":232,"column":7}},{"start":{"line":229,"column":13},"end":{"line":232,"column":7}}],"line":227},"12":{"loc":{"start":{"line":259,"column":4},"end":{"line":262,"column":5}},"type":"if","locations":[{"start":{"line":259,"column":4},"end":{"line":262,"column":5}},{"start":{},"end":{}}],"line":259},"13":{"loc":{"start":{"line":295,"column":6},"end":{"line":315,"column":7}},"type":"if","locations":[{"start":{"line":295,"column":6},"end":{"line":315,"column":7}},{"start":{"line":302,"column":13},"end":{"line":315,"column":7}}],"line":295},"14":{"loc":{"start":{"line":325,"column":6},"end":{"line":330,"column":7}},"type":"if","locations":[{"start":{"line":325,"column":6},"end":{"line":330,"column":7}},{"start":{"line":327,"column":13},"end":{"line":330,"column":7}}],"line":325},"15":{"loc":{"start":{"line":328,"column":29},"end":{"line":328,"column":72}},"type":"binary-expr","locations":[{"start":{"line":328,"column":29},"end":{"line":328,"column":53}},{"start":{"line":328,"column":57},"end":{"line":328,"column":72}}],"line":328},"16":{"loc":{"start":{"line":335,"column":4},"end":{"line":337,"column":5}},"type":"if","locations":[{"start":{"line":335,"column":4},"end":{"line":337,"column":5}},{"start":{},"end":{}}],"line":335},"17":{"loc":{"start":{"line":341,"column":4},"end":{"line":344,"column":5}},"type":"if","locations":[{"start":{"line":341,"column":4},"end":{"line":344,"column":5}},{"start":{},"end":{}}],"line":341},"18":{"loc":{"start":{"line":352,"column":10},"end":{"line":352,"column":70}},"type":"cond-expr","locations":[{"start":{"line":352,"column":33},"end":{"line":352,"column":62}},{"start":{"line":352,"column":65},"end":{"line":352,"column":70}}],"line":352},"19":{"loc":{"start":{"line":359,"column":6},"end":{"line":361,"column":7}},"type":"if","locations":[{"start":{"line":359,"column":6},"end":{"line":361,"column":7}},{"start":{},"end":{}}],"line":359},"20":{"loc":{"start":{"line":366,"column":4},"end":{"line":368,"column":5}},"type":"if","locations":[{"start":{"line":366,"column":4},"end":{"line":368,"column":5}},{"start":{},"end":{}}],"line":366},"21":{"loc":{"start":{"line":376,"column":10},"end":{"line":376,"column":71}},"type":"cond-expr","locations":[{"start":{"line":376,"column":33},"end":{"line":376,"column":63}},{"start":{"line":376,"column":66},"end":{"line":376,"column":71}}],"line":376},"22":{"loc":{"start":{"line":383,"column":6},"end":{"line":385,"column":7}},"type":"if","locations":[{"start":{"line":383,"column":6},"end":{"line":385,"column":7}},{"start":{},"end":{}}],"line":383},"23":{"loc":{"start":{"line":390,"column":4},"end":{"line":392,"column":5}},"type":"if","locations":[{"start":{"line":390,"column":4},"end":{"line":392,"column":5}},{"start":{},"end":{}}],"line":390},"24":{"loc":{"start":{"line":402,"column":8},"end":{"line":407,"column":9}},"type":"if","locations":[{"start":{"line":402,"column":8},"end":{"line":407,"column":9}},{"start":{},"end":{}}],"line":402},"25":{"loc":{"start":{"line":415,"column":6},"end":{"line":417,"column":7}},"type":"if","locations":[{"start":{"line":415,"column":6},"end":{"line":417,"column":7}},{"start":{},"end":{}}],"line":415},"26":{"loc":{"start":{"line":422,"column":4},"end":{"line":424,"column":5}},"type":"if","locations":[{"start":{"line":422,"column":4},"end":{"line":424,"column":5}},{"start":{},"end":{}}],"line":422},"27":{"loc":{"start":{"line":432,"column":10},"end":{"line":432,"column":61}},"type":"cond-expr","locations":[{"start":{"line":432,"column":33},"end":{"line":432,"column":53}},{"start":{"line":432,"column":56},"end":{"line":432,"column":61}}],"line":432},"28":{"loc":{"start":{"line":445,"column":4},"end":{"line":447,"column":5}},"type":"if","locations":[{"start":{"line":445,"column":4},"end":{"line":447,"column":5}},{"start":{},"end":{}}],"line":445},"29":{"loc":{"start":{"line":455,"column":10},"end":{"line":455,"column":60}},"type":"cond-expr","locations":[{"start":{"line":455,"column":33},"end":{"line":455,"column":52}},{"start":{"line":455,"column":55},"end":{"line":455,"column":60}}],"line":455},"30":{"loc":{"start":{"line":469,"column":18},"end":{"line":469,"column":73}},"type":"cond-expr","locations":[{"start":{"line":469,"column":41},"end":{"line":469,"column":56}},{"start":{"line":469,"column":59},"end":{"line":469,"column":73}}],"line":469},"31":{"loc":{"start":{"line":487,"column":19},"end":{"line":487,"column":58}},"type":"cond-expr","locations":[{"start":{"line":487,"column":33},"end":{"line":487,"column":47}},{"start":{"line":487,"column":50},"end":{"line":487,"column":58}}],"line":487},"32":{"loc":{"start":{"line":490,"column":22},"end":{"line":490,"column":46}},"type":"binary-expr","locations":[{"start":{"line":490,"column":22},"end":{"line":490,"column":33}},{"start":{"line":490,"column":37},"end":{"line":490,"column":46}}],"line":490},"33":{"loc":{"start":{"line":492,"column":14},"end":{"line":492,"column":68}},"type":"cond-expr","locations":[{"start":{"line":492,"column":28},"end":{"line":492,"column":51}},{"start":{"line":492,"column":54},"end":{"line":492,"column":68}}],"line":492},"34":{"loc":{"start":{"line":500,"column":22},"end":{"line":500,"column":47}},"type":"binary-expr","locations":[{"start":{"line":500,"column":22},"end":{"line":500,"column":34}},{"start":{"line":500,"column":38},"end":{"line":500,"column":47}}],"line":500},"35":{"loc":{"start":{"line":544,"column":22},"end":{"line":544,"column":54}},"type":"binary-expr","locations":[{"start":{"line":544,"column":22},"end":{"line":544,"column":41}},{"start":{"line":544,"column":45},"end":{"line":544,"column":54}}],"line":544},"36":{"loc":{"start":{"line":564,"column":9},"end":{"line":586,"column":9}},"type":"binary-expr","locations":[{"start":{"line":564,"column":9},"end":{"line":564,"column":18}},{"start":{"line":565,"column":10},"end":{"line":585,"column":17}}],"line":564}},"s":{"0":2,"1":2,"2":15,"3":15,"4":15,"5":15,"6":15,"7":15,"8":15,"9":15,"10":15,"11":9,"12":9,"13":9,"14":0,"15":0,"16":0,"17":9,"18":9,"19":9,"20":9,"21":0,"22":15,"23":0,"24":0,"25":15,"26":2,"27":2,"28":0,"29":0,"30":0,"31":2,"32":2,"33":2,"34":2,"35":2,"36":2,"37":2,"38":0,"39":0,"40":0,"41":0,"42":0,"43":0,"44":0,"45":0,"46":0,"47":2,"48":15,"49":0,"50":0,"51":0,"52":0,"53":0,"54":0,"55":0,"56":0,"57":0,"58":0,"59":0,"60":0,"61":0,"62":0,"63":0,"64":0,"65":0,"66":0,"67":0,"68":0,"69":0,"70":0,"71":0,"72":0,"73":15,"74":1,"75":0,"76":0,"77":1,"78":1,"79":1,"80":1,"81":1,"82":1,"83":1,"84":1,"85":1,"86":1,"87":1,"88":1,"89":0,"90":0,"91":0,"92":0,"93":1,"94":15,"95":0,"96":0,"97":15,"98":0,"99":15,"100":0,"101":15,"102":0,"103":15,"104":0,"105":0,"106":0,"107":0,"108":0,"109":0,"110":0,"111":0,"112":0,"113":0,"114":0,"115":0,"116":0,"117":0,"118":0,"119":0,"120":0,"121":0,"122":0,"123":0,"124":0,"125":0,"126":0,"127":0,"128":0,"129":0,"130":0,"131":0,"132":0,"133":0,"134":0,"135":0,"136":0,"137":0,"138":15,"139":0,"140":0,"141":0,"142":0,"143":0,"144":0,"145":0,"146":0,"147":0,"148":0,"149":0,"150":0,"151":0,"152":0,"153":0,"154":0,"155":15,"156":0,"157":0,"158":0,"159":0,"160":0,"161":0,"162":0,"163":0,"164":0,"165":0,"166":0,"167":15,"168":0,"169":0,"170":0,"171":0,"172":0,"173":0,"174":0,"175":0,"176":0,"177":0,"178":0,"179":0,"180":0,"181":0,"182":0,"183":15,"184":0,"185":0,"186":0,"187":0,"188":0,"189":0,"190":0,"191":0,"192":0,"193":15,"194":0,"195":0,"196":0,"197":0,"198":0,"199":0,"200":0,"201":0,"202":0,"203":15,"204":0,"205":0,"206":0,"207":0,"208":15},"f":{"0":15,"1":9,"2":9,"3":0,"4":2,"5":0,"6":0,"7":0,"8":1,"9":1,"10":0,"11":0,"12":0,"13":0,"14":0,"15":0,"16":0,"17":0,"18":0,"19":0,"20":0,"21":0,"22":0,"23":0,"24":0,"25":0,"26":0,"27":0,"28":0,"29":0,"30":0,"31":0,"32":0,"33":0,"34":0,"35":0},"b":{"0":[0,0],"1":[9,0],"2":[0,9],"3":[0,2],"4":[0,2],"5":[0,0],"6":[0,0],"7":[0,0],"8":[0,0],"9":[0,0],"10":[0,1],"11":[0,0],"12":[0,0],"13":[0,0],"14":[0,0],"15":[0,0],"16":[0,0],"17":[0,0],"18":[0,0],"19":[0,0],"20":[0,0],"21":[0,0],"22":[0,0],"23":[0,0],"24":[0,0],"25":[0,0],"26":[0,0],"27":[0,0],"28":[0,0],"29":[0,0],"30":[0,0],"31":[2,13],"32":[15,13],"33":[2,13],"34":[15,2],"35":[15,1],"36":[15,3]},"_coverageSchema":"1a1c01bbd47fc00a2c39e90264f33305004495a9","hash":"77eec85732dd95e88508fafcdda18cc3eda6d08d"}
,"/home/christophergalliart/claude-exp/react-looper/src/services/audio/AudioError.ts": {"path":"/home/christophergalliart/claude-exp/react-looper/src/services/audio/AudioError.ts","statementMap":{"0":{"start":{"line":42,"column":4},"end":{"line":42,"column":19}},"1":{"start":{"line":43,"column":4},"end":{"line":43,"column":29}},"2":{"start":{"line":44,"column":4},"end":{"line":44,"column":21}},"3":{"start":{"line":45,"column":4},"end":{"line":45,"column":32}},"4":{"start":{"line":46,"column":4},"end":{"line":46,"column":32}},"5":{"start":{"line":47,"column":4},"end":{"line":47,"column":27}},"6":{"start":{"line":48,"column":4},"end":{"line":48,"column":71}},"7":{"start":{"line":51,"column":4},"end":{"line":53,"column":5}},"8":{"start":{"line":52,"column":6},"end":{"line":52,"column":48}},"9":{"start":{"line":60,"column":4},"end":{"line":78,"column":5}},"10":{"start":{"line":62,"column":8},"end":{"line":62,"column":117}},"11":{"start":{"line":64,"column":8},"end":{"line":64,"column":59}},"12":{"start":{"line":66,"column":8},"end":{"line":66,"column":66}},"13":{"start":{"line":68,"column":8},"end":{"line":68,"column":63}},"14":{"start":{"line":70,"column":8},"end":{"line":70,"column":65}},"15":{"start":{"line":72,"column":8},"end":{"line":72,"column":78}},"16":{"start":{"line":74,"column":8},"end":{"line":74,"column":82}},"17":{"start":{"line":77,"column":8},"end":{"line":77,"column":65}},"18":{"start":{"line":85,"column":4},"end":{"line":94,"column":6}},"19":{"start":{"line":101,"column":4},"end":{"line":101,"column":58}},"20":{"start":{"line":108,"column":4},"end":{"line":113,"column":26}},"21":{"start":{"line":120,"column":4},"end":{"line":120,"column":56}}},"fnMap":{"0":{"name":"(anonymous_0)","decl":{"start":{"line":36,"column":2},"end":{"line":36,"column":3}},"loc":{"start":{"line":41,"column":4},"end":{"line":54,"column":3}},"line":41},"1":{"name":"(anonymous_1)","decl":{"start":{"line":59,"column":2},"end":{"line":59,"column":3}},"loc":{"start":{"line":59,"column":62},"end":{"line":79,"column":3}},"line":59},"2":{"name":"(anonymous_2)","decl":{"start":{"line":84,"column":2},"end":{"line":84,"column":3}},"loc":{"start":{"line":84,"column":19},"end":{"line":95,"column":3}},"line":84},"3":{"name":"(anonymous_3)","decl":{"start":{"line":100,"column":2},"end":{"line":100,"column":3}},"loc":{"start":{"line":100,"column":31},"end":{"line":102,"column":3}},"line":100},"4":{"name":"(anonymous_4)","decl":{"start":{"line":107,"column":2},"end":{"line":107,"column":3}},"loc":{"start":{"line":107,"column":27},"end":{"line":114,"column":3}},"line":107},"5":{"name":"(anonymous_5)","decl":{"start":{"line":119,"column":2},"end":{"line":119,"column":3}},"loc":{"start":{"line":119,"column":21},"end":{"line":121,"column":3}},"line":119}},"branchMap":{"0":{"loc":{"start":{"line":48,"column":23},"end":{"line":48,"column":70}},"type":"binary-expr","locations":[{"start":{"line":48,"column":23},"end":{"line":48,"column":34}},{"start":{"line":48,"column":38},"end":{"line":48,"column":70}}],"line":48},"1":{"loc":{"start":{"line":51,"column":4},"end":{"line":53,"column":5}},"type":"if","locations":[{"start":{"line":51,"column":4},"end":{"line":53,"column":5}},{"start":{},"end":{}}],"line":51},"2":{"loc":{"start":{"line":60,"column":4},"end":{"line":78,"column":5}},"type":"switch","locations":[{"start":{"line":61,"column":6},"end":{"line":62,"column":117}},{"start":{"line":63,"column":6},"end":{"line":64,"column":59}},{"start":{"line":65,"column":6},"end":{"line":66,"column":66}},{"start":{"line":67,"column":6},"end":{"line":68,"column":63}},{"start":{"line":69,"column":6},"end":{"line":70,"column":65}},{"start":{"line":71,"column":6},"end":{"line":72,"column":78}},{"start":{"line":73,"column":6},"end":{"line":74,"column":82}},{"start":{"line":75,"column":6},"end":{"line":75,"column":40}},{"start":{"line":76,"column":6},"end":{"line":77,"column":65}}],"line":60}},"s":{"0":96,"1":96,"2":96,"3":96,"4":96,"5":96,"6":96,"7":96,"8":96,"9":21,"10":7,"11":4,"12":2,"13":2,"14":2,"15":1,"16":2,"17":1,"18":23,"19":2,"20":5,"21":1},"f":{"0":96,"1":21,"2":23,"3":2,"4":5,"5":1},"b":{"0":[96,21],"1":[96,0],"2":[7,4,2,2,2,1,2,1,1]},"_coverageSchema":"1a1c01bbd47fc00a2c39e90264f33305004495a9","hash":"1cb9ff362aaddd32fa11a8139ebae99292558d54"}
,"/home/christophergalliart/claude-exp/react-looper/src/services/audio/AudioService.ts": {"path":"/home/christophergalliart/claude-exp/react-looper/src/services/audio/AudioService.ts","statementMap":{"0":{"start":{"line":58,"column":47},"end":{"line":58,"column":56}},"1":{"start":{"line":61,"column":44},"end":{"line":61,"column":48}},"2":{"start":{"line":67,"column":4},"end":{"line":67,"column":36}},"3":{"start":{"line":68,"column":4},"end":{"line":68,"column":46}},"4":{"start":{"line":69,"column":4},"end":{"line":69,"column":30}},"5":{"start":{"line":70,"column":4},"end":{"line":70,"column":42}},"6":{"start":{"line":71,"column":4},"end":{"line":71,"column":66}},"7":{"start":{"line":80,"column":4},"end":{"line":86,"column":5}},"8":{"start":{"line":81,"column":6},"end":{"line":85,"column":8}},"9":{"start":{"line":88,"column":4},"end":{"line":88,"column":48}},"10":{"start":{"line":89,"column":4},"end":{"line":89,"column":40}},"11":{"start":{"line":96,"column":4},"end":{"line":102,"column":5}},"12":{"start":{"line":97,"column":6},"end":{"line":101,"column":8}},"13":{"start":{"line":104,"column":4},"end":{"line":111,"column":5}},"14":{"start":{"line":105,"column":18},"end":{"line":105,"column":53}},"15":{"start":{"line":106,"column":6},"end":{"line":106,"column":35}},"16":{"start":{"line":107,"column":6},"end":{"line":107,"column":17}},"17":{"start":{"line":109,"column":6},"end":{"line":109,"column":35}},"18":{"start":{"line":110,"column":6},"end":{"line":110,"column":18}},"19":{"start":{"line":118,"column":4},"end":{"line":120,"column":5}},"20":{"start":{"line":119,"column":6},"end":{"line":119,"column":13}},"21":{"start":{"line":122,"column":4},"end":{"line":122,"column":42}},"22":{"start":{"line":123,"column":4},"end":{"line":123,"column":33}},"23":{"start":{"line":130,"column":4},"end":{"line":130,"column":39}},"24":{"start":{"line":137,"column":4},"end":{"line":137,"column":48}},"25":{"start":{"line":144,"column":4},"end":{"line":144,"column":42}},"26":{"start":{"line":158,"column":4},"end":{"line":164,"column":5}},"27":{"start":{"line":159,"column":6},"end":{"line":163,"column":8}},"28":{"start":{"line":167,"column":4},"end":{"line":169,"column":5}},"29":{"start":{"line":168,"column":6},"end":{"line":168,"column":38}},"30":{"start":{"line":172,"column":19},"end":{"line":172,"column":39}},"31":{"start":{"line":173,"column":4},"end":{"line":173,"column":36}},"32":{"start":{"line":176,"column":4},"end":{"line":183,"column":7}},"33":{"start":{"line":190,"column":18},"end":{"line":190,"column":40}},"34":{"start":{"line":191,"column":4},"end":{"line":191,"column":30}},"35":{"start":{"line":192,"column":4},"end":{"line":192,"column":27}},"36":{"start":{"line":199,"column":18},"end":{"line":199,"column":40}},"37":{"start":{"line":200,"column":4},"end":{"line":200,"column":31}},"38":{"start":{"line":201,"column":4},"end":{"line":201,"column":28}},"39":{"start":{"line":208,"column":18},"end":{"line":208,"column":40}},"40":{"start":{"line":209,"column":4},"end":{"line":209,"column":30}},"41":{"start":{"line":210,"column":4},"end":{"line":210,"column":28}},"42":{"start":{"line":217,"column":18},"end":{"line":217,"column":40}},"43":{"start":{"line":218,"column":4},"end":{"line":218,"column":39}},"44":{"start":{"line":219,"column":4},"end":{"line":219,"column":24}},"45":{"start":{"line":226,"column":18},"end":{"line":226,"column":40}},"46":{"start":{"line":227,"column":4},"end":{"line":227,"column":41}},"47":{"start":{"line":228,"column":4},"end":{"line":228,"column":26}},"48":{"start":{"line":235,"column":18},"end":{"line":235,"column":40}},"49":{"start":{"line":236,"column":4},"end":{"line":236,"column":40}},"50":{"start":{"line":243,"column":18},"end":{"line":243,"column":40}},"51":{"start":{"line":244,"column":4},"end":{"line":244,"column":38}},"52":{"start":{"line":251,"column":18},"end":{"line":251,"column":40}},"53":{"start":{"line":252,"column":4},"end":{"line":252,"column":38}},"54":{"start":{"line":262,"column":18},"end":{"line":262,"column":40}},"55":{"start":{"line":263,"column":4},"end":{"line":263,"column":45}},"56":{"start":{"line":270,"column":18},"end":{"line":270,"column":43}},"57":{"start":{"line":271,"column":4},"end":{"line":271,"column":43}},"58":{"start":{"line":278,"column":18},"end":{"line":278,"column":43}},"59":{"start":{"line":279,"column":4},"end":{"line":281,"column":5}},"60":{"start":{"line":280,"column":6},"end":{"line":280,"column":13}},"61":{"start":{"line":283,"column":4},"end":{"line":283,"column":32}},"62":{"start":{"line":284,"column":4},"end":{"line":284,"column":33}},"63":{"start":{"line":291,"column":27},"end":{"line":293,"column":5}},"64":{"start":{"line":292,"column":6},"end":{"line":292,"column":31}},"65":{"start":{"line":294,"column":4},"end":{"line":294,"column":38}},"66":{"start":{"line":301,"column":25},"end":{"line":303,"column":5}},"67":{"start":{"line":302,"column":6},"end":{"line":302,"column":29}},"68":{"start":{"line":304,"column":4},"end":{"line":304,"column":36}},"69":{"start":{"line":311,"column":26},"end":{"line":313,"column":48}},"70":{"start":{"line":312,"column":25},"end":{"line":312,"column":40}},"71":{"start":{"line":313,"column":22},"end":{"line":313,"column":47}},"72":{"start":{"line":314,"column":4},"end":{"line":314,"column":37}},"73":{"start":{"line":321,"column":4},"end":{"line":321,"column":43}},"74":{"start":{"line":328,"column":4},"end":{"line":328,"column":37}},"75":{"start":{"line":343,"column":4},"end":{"line":343,"column":44}},"76":{"start":{"line":346,"column":4},"end":{"line":348,"column":5}},"77":{"start":{"line":347,"column":6},"end":{"line":347,"column":55}},"78":{"start":{"line":350,"column":4},"end":{"line":358,"column":5}},"79":{"start":{"line":351,"column":24},"end":{"line":351,"column":79}},"80":{"start":{"line":352,"column":6},"end":{"line":352,"column":23}},"81":{"start":{"line":355,"column":6},"end":{"line":357,"column":7}},"82":{"start":{"line":356,"column":8},"end":{"line":356,"column":49}},"83":{"start":{"line":365,"column":4},"end":{"line":365,"column":30}},"84":{"start":{"line":372,"column":4},"end":{"line":372,"column":33}},"85":{"start":{"line":379,"column":4},"end":{"line":379,"column":53}},"86":{"start":{"line":391,"column":4},"end":{"line":391,"column":66}},"87":{"start":{"line":401,"column":4},"end":{"line":401,"column":67}},"88":{"start":{"line":409,"column":4},"end":{"line":413,"column":5}},"89":{"start":{"line":410,"column":6},"end":{"line":412,"column":7}},"90":{"start":{"line":411,"column":8},"end":{"line":411,"column":40}},"91":{"start":{"line":415,"column":4},"end":{"line":415,"column":49}},"92":{"start":{"line":422,"column":4},"end":{"line":422,"column":44}},"93":{"start":{"line":429,"column":4},"end":{"line":429,"column":45}},"94":{"start":{"line":436,"column":4},"end":{"line":436,"column":45}},"95":{"start":{"line":443,"column":4},"end":{"line":443,"column":46}},"96":{"start":{"line":450,"column":4},"end":{"line":450,"column":67}},"97":{"start":{"line":460,"column":4},"end":{"line":462,"column":5}},"98":{"start":{"line":461,"column":6},"end":{"line":461,"column":35}},"99":{"start":{"line":465,"column":4},"end":{"line":467,"column":5}},"100":{"start":{"line":466,"column":6},"end":{"line":466,"column":32}},"101":{"start":{"line":470,"column":4},"end":{"line":470,"column":33}},"102":{"start":{"line":473,"column":4},"end":{"line":473,"column":34}},"103":{"start":{"line":476,"column":4},"end":{"line":476,"column":34}},"104":{"start":{"line":485,"column":18},"end":{"line":485,"column":43}},"105":{"start":{"line":486,"column":4},"end":{"line":492,"column":5}},"106":{"start":{"line":487,"column":6},"end":{"line":491,"column":8}},"107":{"start":{"line":493,"column":4},"end":{"line":493,"column":17}}},"fnMap":{"0":{"name":"(anonymous_0)","decl":{"start":{"line":66,"column":2},"end":{"line":66,"column":3}},"loc":{"start":{"line":66,"column":42},"end":{"line":72,"column":3}},"line":66},"1":{"name":"(anonymous_1)","decl":{"start":{"line":79,"column":2},"end":{"line":79,"column":3}},"loc":{"start":{"line":79,"column":73},"end":{"line":90,"column":3}},"line":79},"2":{"name":"(anonymous_2)","decl":{"start":{"line":95,"column":2},"end":{"line":95,"column":3}},"loc":{"start":{"line":95,"column":48},"end":{"line":112,"column":3}},"line":95},"3":{"name":"(anonymous_3)","decl":{"start":{"line":117,"column":2},"end":{"line":117,"column":3}},"loc":{"start":{"line":117,"column":48},"end":{"line":124,"column":3}},"line":117},"4":{"name":"(anonymous_4)","decl":{"start":{"line":129,"column":2},"end":{"line":129,"column":3}},"loc":{"start":{"line":129,"column":32},"end":{"line":131,"column":3}},"line":129},"5":{"name":"(anonymous_5)","decl":{"start":{"line":136,"column":2},"end":{"line":136,"column":3}},"loc":{"start":{"line":136,"column":40},"end":{"line":138,"column":3}},"line":136},"6":{"name":"(anonymous_6)","decl":{"start":{"line":143,"column":2},"end":{"line":143,"column":3}},"loc":{"start":{"line":143,"column":63},"end":{"line":145,"column":3}},"line":143},"7":{"name":"(anonymous_7)","decl":{"start":{"line":152,"column":2},"end":{"line":152,"column":3}},"loc":{"start":{"line":156,"column":19},"end":{"line":184,"column":3}},"line":156},"8":{"name":"(anonymous_8)","decl":{"start":{"line":189,"column":2},"end":{"line":189,"column":3}},"loc":{"start":{"line":189,"column":57},"end":{"line":193,"column":3}},"line":189},"9":{"name":"(anonymous_9)","decl":{"start":{"line":198,"column":2},"end":{"line":198,"column":3}},"loc":{"start":{"line":198,"column":58},"end":{"line":202,"column":3}},"line":198},"10":{"name":"(anonymous_10)","decl":{"start":{"line":207,
[...]
,"/home/christophergalliart/claude-exp/react-looper/src/utils/permissions.web.ts": {"path":"/home/christophergalliart/claude-exp/react-looper/src/utils/permissions.web.ts","statementMap":{"0":{"start":{"line":17,"column":2},"end":{"line":55,"column":3}},"1":{"start":{"line":19,"column":19},"end":{"line":19,"column":77}},"2":{"start":{"line":22,"column":4},"end":{"line":22,"column":56}},"3":{"start":{"line":22,"column":42},"end":{"line":22,"column":54}},"4":{"start":{"line":24,"column":4},"end":{"line":27,"column":6}},"5":{"start":{"line":29,"column":16},"end":{"line":29,"column":30}},"6":{"start":{"line":31,"column":4},"end":{"line":39,"column":5}},"7":{"start":{"line":35,"column":6},"end":{"line":38,"column":8}},"8":{"start":{"line":41,"column":4},"end":{"line":47,"column":5}},"9":{"start":{"line":43,"column":6},"end":{"line":46,"column":8}},"10":{"start":{"line":50,"column":4},"end":{"line":50,"column":71}},"11":{"start":{"line":51,"column":4},"end":{"line":54,"column":6}},"12":{"start":{"line":63,"column":2},"end":{"line":66,"column":4}},"13":{"start":{"line":75,"column":2},"end":{"line":78,"column":3}},"14":{"start":{"line":77,"column":4},"end":{"line":77,"column":36}},"15":{"start":{"line":80,"column":2},"end":{"line":108,"column":3}},"16":{"start":{"line":81,"column":4},"end":{"line":104,"column":5}},"17":{"start":{"line":83,"column":6},"end":{"line":100,"column":7}},"18":{"start":{"line":84,"column":23},"end":{"line":87,"column":10}},"19":{"start":{"line":89,"column":8},"end":{"line":91,"column":9}},"20":{"start":{"line":90,"column":10},"end":{"line":90,"column":42}},"21":{"start":{"line":93,"column":8},"end":{"line":95,"column":9}},"22":{"start":{"line":94,"column":10},"end":{"line":94,"column":41}},"23":{"start":{"line":97,"column":8},"end":{"line":99,"column":9}},"24":{"start":{"line":98,"column":10},"end":{"line":98,"column":42}},"25":{"start":{"line":103,"column":6},"end":{"line":103,"column":74}},"26":{"start":{"line":107,"column":4},"end":{"line":107,"column":41}},"27":{"start":{"line":110,"column":2},"end":{"line":110,"column":39}},"28":{"start":{"line":118,"column":2},"end":{"line":118,"column":70}}},"fnMap":{"0":{"name":"requestMicrophonePermission","decl":{"start":{"line":16,"column":22},"end":{"line":16,"column":49}},"loc":{"start":{"line":16,"column":79},"end":{"line":56,"column":1}},"line":16},"1":{"name":"(anonymous_1)","decl":{"start":{"line":22,"column":31},"end":{"line":22,"column":32}},"loc":{"start":{"line":22,"column":42},"end":{"line":22,"column":54}},"line":22},"2":{"name":"requestStoragePermission","decl":{"start":{"line":61,"column":22},"end":{"line":61,"column":46}},"loc":{"start":{"line":61,"column":76},"end":{"line":67,"column":1}},"line":61},"3":{"name":"checkPermission","decl":{"start":{"line":72,"column":22},"end":{"line":72,"column":37}},"loc":{"start":{"line":74,"column":29},"end":{"line":111,"column":1}},"line":74},"4":{"name":"openSettings","decl":{"start":{"line":116,"column":22},"end":{"line":116,"column":34}},"loc":{"start":{"line":116,"column":52},"end":{"line":119,"column":1}},"line":116}},"branchMap":{"0":{"loc":{"start":{"line":31,"column":4},"end":{"line":39,"column":5}},"type":"if","locations":[{"start":{"line":31,"column":4},"end":{"line":39,"column":5}},{"start":{},"end":{}}],"line":31},"1":{"loc":{"start":{"line":32,"column":6},"end":{"line":33,"column":42}},"type":"binary-expr","locations":[{"start":{"line":32,"column":6},"end":{"line":32,"column":36}},{"start":{"line":33,"column":6},"end":{"line":33,"column":42}}],"line":32},"2":{"loc":{"start":{"line":41,"column":4},"end":{"line":47,"column":5}},"type":"if","locations":[{"start":{"line":41,"column":4},"end":{"line":47,"column":5}},{"start":{},"end":{}}],"line":41},"3":{"loc":{"start":{"line":75,"column":2},"end":{"line":78,"column":3}},"type":"if","locations":[{"start":{"line":75,"column":2},"end":{"line":78,"column":3}},{"start":{},"end":{}}],"line":75},"4":{"loc":{"start":{"line":80,"column":2},"end":{"line":108,"column":3}},"type":"if","locations":[{"start":{"line":80,"column":2},"end":{"line":108,"column":3}},{"start":{},"end":{}}],"line":80},"5":{"loc":{"start":{"line":83,"column":6},"end":{"line":100,"column":7}},"type":"if","locations":[{"start":{"line":83,"column":6},"end":{"line":100,"column":7}},{"start":{},"end":{}}],"line":83},"6":{"loc":{"start":{"line":89,"column":8},"end":{"line":91,"column":9}},"type":"if","locations":[{"start":{"line":89,"column":8},"end":{"line":91,"column":9}},{"start":{},"end":{}}],"line":89},"7":{"loc":{"start":{"line":93,"column":8},"end":{"line":95,"column":9}},"type":"if","locations":[{"start":{"line":93,"column":8},"end":{"line":95,"column":9}},{"start":{},"end":{}}],"line":93},"8":{"loc":{"start":{"line":97,"column":8},"end":{"line":99,"column":9}},"type":"if","locations":[{"start":{"line":97,"column":8},"end":{"line":99,"column":9}},{"start":{},"end":{}}],"line":97}},"s":{"0":0,"1":0,"2":0,"3":0,"4":0,"5":0,"6":0,"7":0,"8":0,"9":0,"10":0,"11":0,"12":0,"13":0,"14":0,"15":0,"16":0,"17":0,"18":0,"19":0,"20":0,"21":0,"22":0,"23":0,"24":0,"25":0,"26":0,"27":0,"28":0},"f":{"0":0,"1":0,"2":0,"3":0,"4":0},"b":{"0":[0,0],"1":[0,0],"2":[0,0],"3":[0,0],"4":[0,0],"5":[0,0],"6":[0,0],"7":[0,0],"8":[0,0]}}
,"/home/christophergalliart/claude-exp/react-looper/src/utils/platform.ts": {"path":"/home/christophergalliart/claude-exp/react-looper/src/utils/platform.ts","statementMap":{"0":{"start":{"line":13,"column":21},"end":{"line":15,"column":1}},"1":{"start":{"line":14,"column":2},"end":{"line":14,"column":31}},"2":{"start":{"line":20,"column":24},"end":{"line":22,"column":1}},"3":{"start":{"line":21,"column":2},"end":{"line":21,"column":60}},"4":{"start":{"line":27,"column":21},"end":{"line":29,"column":1}},"5":{"start":{"line":28,"column":2},"end":{"line":28,"column":31}},"6":{"start":{"line":34,"column":25},"end":{"line":36,"column":1}},"7":{"start":{"line":35,"column":2},"end":{"line":35,"column":35}},"8":{"start":{"line":41,"column":31},"end":{"line":52,"column":1}},"9":{"start":{"line":42,"column":2},"end":{"line":51,"column":3}},"10":{"start":{"line":44,"column":6},"end":{"line":44,"column":19}},"11":{"start":{"line":46,"column":6},"end":{"line":46,"column":23}},"12":{"start":{"line":48,"column":6},"end":{"line":48,"column":19}},"13":{"start":{"line":50,"column":6},"end":{"line":50,"column":23}}},"fnMap":{"0":{"name":"(anonymous_0)","decl":{"start":{"line":13,"column":21},"end":{"line":13,"column":22}},"loc":{"start":{"line":13,"column":36},"end":{"line":15,"column":1}},"line":13},"1":{"name":"(anonymous_1)","decl":{"start":{"line":20,"column":24},"end":{"line":20,"column":25}},"loc":{"start":{"line":20,"column":39},"end":{"line":22,"column":1}},"line":20},"2":{"name":"(anonymous_2)","decl":{"start":{"line":27,"column":21},"end":{"line":27,"column":22}},"loc":{"start":{"line":27,"column":36},"end":{"line":29,"column":1}},"line":27},"3":{"name":"(anonymous_3)","decl":{"start":{"line":34,"column":25},"end":{"line":34,"column":26}},"loc":{"start":{"line":34,"column":40},"end":{"line":36,"column":1}},"line":34},"4":{"name":"(anonymous_4)","decl":{"start":{"line":41,"column":31},"end":{"line":41,"column":32}},"loc":{"start":{"line":41,"column":45},"end":{"line":52,"column":1}},"line":41}},"branchMap":{"0":{"loc":{"start":{"line":21,"column":9},"end":{"line":21,"column":59}},"type":"binary-expr","locations":[{"start":{"line":21,"column":9},"end":{"line":21,"column":30}},{"start":{"line":21,"column":34},"end":{"line":21,"column":59}}],"line":21},"1":{"loc":{"start":{"line":42,"column":2},"end":{"line":51,"column":3}},"type":"switch","locations":[{"start":{"line":43,"column":4},"end":{"line":44,"column":19}},{"start":{"line":45,"column":4},"end":{"line":46,"column":23}},{"start":{"line":47,"column":4},"end":{"line":48,"column":19}},{"start":{"line":49,"column":4},"end":{"line":50,"column":23}}],"line":42}},"s":{"0":0,"1":0,"2":0,"3":0,"4":0,"5":0,"6":0,"7":0,"8":0,"9":0,"10":0,"11":0,"12":0,"13":0},"f":{"0":0,"1":0,"2":0,"3":0,"4":0},"b":{"0":[0,0],"1":[0,0,0,0]}}
,"/home/christophergalliart/claude-exp/react-looper/src/utils/responsive.ts": {"path":"/home/christophergalliart/claude-exp/react-looper/src/utils/responsive.ts","statementMap":{"0":{"start":{"line":9,"column":55},"end":{"line":9,"column":79}},"1":{"start":{"line":14,"column":27},"end":{"line":20,"column":10}},"2":{"start":{"line":26,"column":2},"end":{"line":26,"column":50}},"3":{"start":{"line":26,"column":38},"end":{"line":26,"column":50}},"4":{"start":{"line":27,"column":2},"end":{"line":27,"column":50}},"5":{"start":{"line":27,"column":38},"end":{"line":27,"column":50}},"6":{"start":{"line":28,"column":2},"end":{"line":28,"column":50}},"7":{"start":{"line":28,"column":38},"end":{"line":28,"column":50}},"8":{"start":{"line":29,"column":2},"end":{"line":29,"column":50}},"9":{"start":{"line":29,"column":38},"end":{"line":29,"column":50}},"10":{"start":{"line":30,"column":2},"end":{"line":30,"column":14}},"11":{"start":{"line":37,"column":2},"end":{"line":37,"column":40}},"12":{"start":{"line":44,"column":2},"end":{"line":44,"column":40}},"13":{"start":{"line":51,"column":2},"end":{"line":51,"column":40}},"14":{"start":{"line":58,"column":21},"end":{"line":58,"column":43}},"15":{"start":{"line":60,"column":2},"end":{"line":71,"column":3}},"16":{"start":{"line":62,"column":6},"end":{"line":62,"column":18}},"17":{"start":{"line":64,"column":6},"end":{"line":64,"column":18}},"18":{"start":{"line":66,"column":6},"end":{"line":66,"column":17}},"19":{"start":{"line":68,"column":6},"end":{"line":68,"column":17}},"20":{"start":{"line":70,"column":6},"end":{"line":70,"column":26}},"21":{"start":{"line":78,"column":22},"end":{"line":84,"column":3}},"22":{"start":{"line":87,"column":21},"end":{"line":87,"column":42}},"23":{"start":{"line":88,"column":2},"end":{"line":88,"column":40}},"24":{"start":{"line":95,"column":23},"end":{"line":101,"column":3}},"25":{"start":{"line":104,"column":21},"end":{"line":104,"column":42}},"26":{"start":{"line":105,"column":2},"end":{"line":105,"column":41}},"27":{"start":{"line":120,"column":21},"end":{"line":120,"column":43}},"28":{"start":{"line":122,"column":2},"end":{"line":122,"column":46}},"29":{"start":{"line":129,"column":2},"end":{"line":136,"column":5}},"30":{"start":{"line":139,"column":32},"end":{"line":142,"column":1}}},"fnMap":{"0":{"name":"getCurrentBreakpoint","decl":{"start":{"line":25,"column":16},"end":{"line":25,"column":36}},"loc":{"start":{"line":25,"column":65},"end":{"line":31,"column":1}},"line":25},"1":{"name":"isTablet","decl":{"start":{"line":36,"column":16},"end":{"line":36,"column":24}},"loc":{"start":{"line":36,"column":36},"end":{"line":38,"column":1}},"line":36},"2":{"name":"isDesktop","decl":{"start":{"line":43,"column":16},"end":{"line":43,"column":25}},"loc":{"start":{"line":43,"column":37},"end":{"line":45,"column":1}},"line":43},"3":{"name":"isLargeDesktop","decl":{"start":{"line":50,"column":16},"end":{"line":50,"column":30}},"loc":{"start":{"line":50,"column":42},"end":{"line":52,"column":1}},"line":50},"4":{"name":"getMaxContentWidth","decl":{"start":{"line":57,"column":16},"end":{"line":57,"column":34}},"loc":{"start":{"line":57,"column":45},"end":{"line":72,"column":1}},"line":57},"5":{"name":"getSpacing","decl":{"start":{"line":77,"column":16},"end":{"line":77,"column":26}},"loc":{"start":{"line":77,"column":75},"end":{"line":89,"column":1}},"line":77},"6":{"name":"getFontSize","decl":{"start":{"line":94,"column":16},"end":{"line":94,"column":27}},"loc":{"start":{"line":94,"column":76},"end":{"line":106,"column":1}},"line":94},"7":{"name":"responsive","decl":{"start":{"line":112,"column":16},"end":{"line":112,"column":26}},"loc":{"start":{"line":119,"column":6},"end":{"line":123,"column":1}},"line":119},"8":{"name":"getGridColumns","decl":{"start":{"line":128,"column":16},"end":{"line":128,"column":30}},"loc":{"start":{"line":128,"column":41},"end":{"line":137,"column":1}},"line":128}},"branchMap":{"0":{"loc":{"start":{"line":26,"column":2},"end":{"line":26,"column":50}},"type":"if","locations":[{"start":{"line":26,"column":2},"end":{"line":26,"column":50}},{"start":{},"end":{}}],"line":26},"1":{"loc":{"start":{"line":27,"column":2},"end":{"line":27,"column":50}},"type":"if","locations":[{"start":{"line":27,"column":2},"end":{"line":27,"column":50}},{"start":{},"end":{}}],"line":27},"2":{"loc":{"start":{"line":28,"column":2},"end":{"line":28,"column":50}},"type":"if","locations":[{"start":{"line":28,"column":2},"end":{"line":28,"column":50}},{"start":{},"end":{}}],"line":28},"3":{"loc":{"start":{"line":29,"column":2},"end":{"line":29,"column":50}},"type":"if","locations":[{"start":{"line":29,"column":2},"end":{"line":29,"column":50}},{"start":{},"end":{}}],"line":29},"4":{"loc":{"start":{"line":60,"column":2},"end":{"line":71,"column":3}},"type":"switch","locations":[{"start":{"line":61,"column":4},"end":{"line":62,"column":18}},{"start":{"line":63,"column":4},"end":{"line":64,"column":18}},{"start":{"line":65,"column":4},"end":{"line":66,"column":17}},{"start":{"line":67,"column":4},"end":{"line":68,"column":17}},{"start":{"line":69,"column":4},"end":{"line":70,"column":26}}],"line":60},"5":{"loc":{"start":{"line":87,"column":21},"end":{"line":87,"column":42}},"type":"cond-expr","locations":[{"start":{"line":87,"column":35},"end":{"line":87,"column":38}},{"start":{"line":87,"column":41},"end":{"line":87,"column":42}}],"line":87},"6":{"loc":{"start":{"line":104,"column":21},"end":{"line":104,"column":42}},"type":"cond-expr","locations":[{"start":{"line":104,"column":35},"end":{"line":104,"column":38}},{"start":{"line":104,"column":41},"end":{"line":104,"column":42}}],"line":104},"7":{"loc":{"start":{"line":122,"column":9},"end":{"line":122,"column":45}},"type":"binary-expr","locations":[{"start":{"line":122,"column":9},"end":{"line":122,"column":27}},{"start":{"line":122,"column":31},"end":{"line":122,"column":45}}],"line":122}},"s":{"0":2,"1":2,"2":2,"3":0,"4":2,"5":0,"6":2,"7":0,"8":2,"9":2,"10":0,"11":0,"12":10,"13":0,"14":2,"15":2,"16":0,"17":0,"18":0,"19":2,"20":0,"21":8,"22":8,"23":8,"24":0,"25":0,"26":0,"27":0,"28":0,"29":0,"30":2},"f":{"0":2,"1":0,"2":10,"3":0,"4":2,"5":8,"6":0,"7":0,"8":0},"b":{"0":[0,2],"1":[0,2],"2":[0,2],"3":[2,0],"4":[0,0,0,2,0],"5":[0,8],"6":[0,0],"7":[0,0]},"_coverageSchema":"1a1c01bbd47fc00a2c39e90264f33305004495a9","hash":"1f9a6c7d59cab4bd4fe105bb4113c2d532b8b4a4"}
,"/home/christophergalliart/claude-exp/react-looper/src/utils/serviceWorkerRegistration.ts": {"path":"/home/christophergalliart/claude-exp/react-looper/src/utils/serviceWorkerRegistration.ts","statementMap":{"0":{"start":{"line":7,"column":2},"end":{"line":39,"column":3}},"1":{"start":{"line":8,"column":4},"end":{"line":38,"column":7}},"2":{"start":{"line":9,"column":20},"end":{"line":9,"column":65}},"3":{"start":{"line":11,"column":6},"end":{"line":37,"column":11}},"4":{"start":{"line":14,"column":10},"end":{"line":14,"column":75}},"5":{"start":{"line":17,"column":10},"end":{"line":33,"column":13}},"6":{"start":{"line":18,"column":30},"end":{"line":18,"column":53}},"7":{"start":{"line":20,"column":12},"end":{"line":32,"column":13}},"8":{"start":{"line":21,"column":14},"end":{"line":31,"column":17}},"9":{"start":{"line":22,"column":16},"end":{"line":30,"column":17}},"10":{"start":{"line":26,"column":18},"end":{"line":26,"column":76}},"11":{"start":{"line":36,"column":10},"end":{"line":36,"column":60}},"12":{"start":{"line":43,"column":2},"end":{"line":54,"column":3}},"13":{"start":{"line":44,"column":4},"end":{"line":53,"column":9}},"14":{"start":{"line":46,"column":8},"end":{"line":46,"column":41}},"15":{"start":{"line":49,"column":8},"end":{"line":49,"column":54}},"16":{"start":{"line":52,"column":8},"end":{"line":52,"column":60}},"17":{"start":{"line":58,"column":2},"end":{"line":60,"column":3}},"18":{"start":{"line":59,"column":4},"end":{"line":59,"column":78}}},"fnMap":{"0":{"name":"register","decl":{"start":{"line":6,"column":16},"end":{"line":6,"column":24}},"loc":{"start":{"line":6,"column":33},"end":{"line":40,"column":1}},"line":6},"1":{"name":"(anonymous_1)","decl":{"start":{"line":8,"column":36},"end":{"line":8,"column":37}},"loc":{"start":{"line":8,"column":42},"end":{"line":38,"column":5}},"line":8},"2":{"name":"(anonymous_2)","decl":{"start":{"line":13,"column":14},"end":{"line":13,"column":15}},"loc":{"start":{"line":13,"column":32},"end":{"line":34,"column":9}},"line":13},"3":{"name":"(anonymous_3)","decl":{"start":{"line":17,"column":55},"end":{"line":17,"column":56}},"loc":{"start":{"line":17,"column":61},"end":{"line":33,"column":11}},"line":17},"4":{"name":"(anonymous_4)","decl":{"start":{"line":21,"column":56},"end":{"line":21,"column":57}},"loc":{"start":{"line":21,"column":62},"end":{"line":31,"column":15}},"line":21},"5":{"name":"(anonymous_5)","decl":{"start":{"line":35,"column":15},"end":{"line":35,"column":16}},"loc":{"start":{"line":35,"column":26},"end":{"line":37,"column":9}},"line":35},"6":{"name":"unregister","decl":{"start":{"line":42,"column":16},"end":{"line":42,"column":26}},"loc":{"start":{"line":42,"column":35},"end":{"line":55,"column":1}},"line":42},"7":{"name":"(anonymous_7)","decl":{"start":{"line":45,"column":12},"end":{"line":45,"column":13}},"loc":{"start":{"line":45,"column":30},"end":{"line":47,"column":7}},"line":45},"8":{"name":"(anonymous_8)","decl":{"start":{"line":48,"column":12},"end":{"line":48,"column":13}},"loc":{"start":{"line":48,"column":18},"end":{"line":50,"column":7}},"line":48},"9":{"name":"(anonymous_9)","decl":{"start":{"line":51,"column":13},"end":{"line":51,"column":14}},"loc":{"start":{"line":51,"column":24},"end":{"line":53,"column":7}},"line":51},"10":{"name":"skipWaiting","decl":{"start":{"line":57,"column":16},"end":{"line":57,"column":27}},"loc":{"start":{"line":57,"column":36},"end":{"line":61,"column":1}},"line":57}},"branchMap":{"0":{"loc":{"start":{"line":7,"column":2},"end":{"line":39,"column":3}},"type":"if","locations":[{"start":{"line":7,"column":2},"end":{"line":39,"column":3}},{"start":{},"end":{}}],"line":7},"1":{"loc":{"start":{"line":7,"column":6},"end":{"line":7,"column":75}},"type":"binary-expr","locations":[{"start":{"line":7,"column":6},"end":{"line":7,"column":34}},{"start":{"line":7,"column":38},"end":{"line":7,"column":75}}],"line":7},"2":{"loc":{"start":{"line":20,"column":12},"end":{"line":32,"column":13}},"type":"if","locations":[{"start":{"line":20,"column":12},"end":{"line":32,"column":13}},{"start":{},"end":{}}],"line":20},"3":{"loc":{"start":{"line":22,"column":16},"end":{"line":30,"column":17}},"type":"if","locations":[{"start":{"line":22,"column":16},"end":{"line":30,"column":17}},{"start":{},"end":{}}],"line":22},"4":{"loc":{"start":{"line":23,"column":18},"end":{"line":24,"column":52}},"type":"binary-expr","locations":[{"start":{"line":23,"column":18},"end":{"line":23,"column":49}},{"start":{"line":24,"column":18},"end":{"line":24,"column":52}}],"line":23},"5":{"loc":{"start":{"line":43,"column":2},"end":{"line":54,"column":3}},"type":"if","locations":[{"start":{"line":43,"column":2},"end":{"line":54,"column":3}},{"start":{},"end":{}}],"line":43},"6":{"loc":{"start":{"line":58,"column":2},"end":{"line":60,"column":3}},"type":"if","locations":[{"start":{"line":58,"column":2},"end":{"line":60,"column":3}},{"start":{},"end":{}}],"line":58}},"s":{"0":0,"1":0,"2":0,"3":0,"4":0,"5":0,"6":0,"7":0,"8":0,"9":0,"10":0,"11":0,"12":0,"13":0,"14":0,"15":0,"16":0,"17":0,"18":0},"f":{"0":0,"1":0,"2":0,"3":0,"4":0,"5":0,"6":0,"7":0,"8":0,"9":0,"10":0},"b":{"0":[0,0],"1":[0,0],"2":[0,0],"3":[0,0],"4":[0,0],"5":[0,0],"6":[0,0]}}
}
