TN:
SF:src/store/useTrackStore.ts
FN:45,(anonymous_0)
FN:50,(anonymous_1)
FN:51,(anonymous_2)
FN:57,(anonymous_3)
FN:58,(anonymous_4)
FN:68,(anonymous_5)
FN:73,(anonymous_6)
FN:74,(anonymous_7)
FN:75,(anonymous_8)
FN:81,(anonymous_9)
FN:82,(anonymous_10)
FN:86,(anonymous_11)
FN:92,(anonymous_12)
FN:97,(anonymous_13)
FN:102,(anonymous_14)
FN:103,(anonymous_15)
FN:107,(anonymous_16)
FN:112,(anonymous_17)
FN:117,(anonymous_18)
FN:122,(anonymous_19)
FNF:20
FNH:16
FNDA:1,(anonymous_0)
FNDA:29,(anonymous_1)
FNDA:29,(anonymous_2)
FNDA:4,(anonymous_3)
FNDA:4,(anonymous_4)
FNDA:6,(anonymous_5)
FNDA:2,(anonymous_6)
FNDA:2,(anonymous_7)
FNDA:2,(anonymous_8)
FNDA:1,(anonymous_9)
FNDA:1,(anonymous_10)
FNDA:22,(anonymous_11)
FNDA:0,(anonymous_12)
FNDA:0,(anonymous_13)
FNDA:0,(anonymous_14)
FNDA:0,(anonymous_15)
FNDA:3,(anonymous_16)
FNDA:4,(anonymous_17)
FNDA:2,(anonymous_18)
FNDA:5,(anonymous_19)
DA:45,1
DA:51,29
DA:58,4
DA:59,4
DA:62,4
DA:63,2
DA:67,2
DA:68,6
DA:74,2
DA:76,2
DA:82,1
DA:87,22
DA:93,0
DA:98,0
DA:103,0
DA:108,3
DA:113,4
DA:118,2
DA:123,5
LF:19
LH:16
BRDA:59,0,0,4
BRDA:59,0,1,4
BRDA:62,1,0,2
BRDA:62,1,1,2
BRDA:76,2,0,2
BRDA:76,2,1,0
BRF:6
BRH:5
end_of_record
